<?xml version="1.0" encoding="UTF-8"?>
<!-- Generated by org.testng.reporters.JUnitXMLReporter -->
<testsuite ignored="0" hostname="LIN-5CD53088JP" failures="1" tests="1" name="Default test" time="18.488" errors="0" timestamp="2025-11-14T16:49:40 IST">
  <testcase classname="io.cucumber.testng.AbstractTestNGCucumberTests" name="runScenario" time="16.617">
    <failure type="io.cucumber.testng.UndefinedStepException" message="The step &amp;apos;the user is land on the Deals page&amp;apos; and 3 other step(s) are undefined.
You can implement these steps using the snippet(s) below:

@Given(&amp;quot;the user is land on the Deals page&amp;quot;)
public void the_user_is_land_on_the_deals_page() {
    // Write code here that turns the phrase above into concrete actions
    throw new io.cucumber.java.PendingException();
}
@When(&amp;quot;user scrolls down to the deal page&amp;quot;)
public void user_scrolls_down_to_the_deal_page() {
    // Write code here that turns the phrase above into concrete actions
    throw new io.cucumber.java.PendingException();
}
@When(&amp;quot;user clicks on the order&amp;amp;purchases from sheet &amp;lt;sheet&amp;gt; and row &amp;lt;row&amp;gt;&amp;quot;)
public void user_clicks_on_the_order_purchases_from_sheet_sheet_and_row_row() {
    // Write code here that turns the phrase above into concrete actions
    throw new io.cucumber.java.PendingException();
}
@Then(&amp;quot;navigate to the support page&amp;quot;)
public void navigate_to_the_support_page() {
    // Write code here that turns the phrase above into concrete actions
    throw new io.cucumber.java.PendingException();
}
">
      <![CDATA[io.cucumber.testng.UndefinedStepException: The step 'the user is land on the Deals page' and 3 other step(s) are undefined.
You can implement these steps using the snippet(s) below:

@Given("the user is land on the Deals page")
public void the_user_is_land_on_the_deals_page() {
    // Write code here that turns the phrase above into concrete actions
    throw new io.cucumber.java.PendingException();
}
@When("user scrolls down to the deal page")
public void user_scrolls_down_to_the_deal_page() {
    // Write code here that turns the phrase above into concrete actions
    throw new io.cucumber.java.PendingException();
}
@When("user clicks on the order&purchases from sheet <sheet> and row <row>")
public void user_clicks_on_the_order_purchases_from_sheet_sheet_and_row_row() {
    // Write code here that turns the phrase above into concrete actions
    throw new io.cucumber.java.PendingException();
}
@Then("navigate to the support page")
public void navigate_to_the_support_page() {
    // Write code here that turns the phrase above into concrete actions
    throw new io.cucumber.java.PendingException();
}

at ✽.the user is land on the Deals page(file:///C:/Training/Java/SprintBestBuy/BestBuyDealoftheDay/./src/test/resources/com/feature/Homepage.feature:38)
]]>
    </failure>
  </testcase> <!-- runScenario -->
</testsuite> <!-- Default test -->
