<?xml version="1.0" encoding="UTF-8"?>
<!-- Generated by org.testng.reporters.JUnitReportReporter -->
<testsuite hostname="LIN-5CD53088JP" failures="0" tests="1" name="com.runner.TestRunnerTestNG" time="16.617" errors="1" timestamp="2025-11-14T16:49:40 IST" skipped="0">
  <testcase classname="com.runner.TestRunnerTestNG" name="runScenario" time="16.617">
    <error message="The step &#039;the user is land on the Deals page&#039; and 3 other step(s) are undefined.
You can implement these steps using the snippet(s) below:

@Given(&quot;the user is land on the Deals page&quot;)
public void the_user_is_land_on_the_deals_page() {
    // Write code here that turns the phrase above into concrete actions
    throw new io.cucumber.java.PendingException();
}
@When(&quot;user scrolls down to the deal page&quot;)
public void user_scrolls_down_to_the_deal_page() {
    // Write code here that turns the phrase above into concrete actions
    throw new io.cucumber.java.PendingException();
}
@When(&quot;user clicks on the order&amp;purchases from sheet &lt;sheet&gt; and row &lt;row&gt;&quot;)
public void user_clicks_on_the_order_purchases_from_sheet_sheet_and_row_row() {
    // Write code here that turns the phrase above into concrete actions
    throw new io.cucumber.java.PendingException();
}
@Then(&quot;navigate to the support page&quot;)
public void navigate_to_the_support_page() {
    // Write code here that turns the phrase above into concrete actions
    throw new io.cucumber.java.PendingException();
}
" type="io.cucumber.testng.UndefinedStepException">
      <![CDATA[io.cucumber.testng.UndefinedStepException: The step 'the user is land on the Deals page' and 3 other step(s) are undefined.
You can implement these steps using the snippet(s) below:

@Given("the user is land on the Deals page")
public void the_user_is_land_on_the_deals_page() {
    // Write code here that turns the phrase above into concrete actions
    throw new io.cucumber.java.PendingException();
}
@When("user scrolls down to the deal page")
public void user_scrolls_down_to_the_deal_page() {
    // Write code here that turns the phrase above into concrete actions
    throw new io.cucumber.java.PendingException();
}
@When("user clicks on the order&purchases from sheet <sheet> and row <row>")
public void user_clicks_on_the_order_purchases_from_sheet_sheet_and_row_row() {
    // Write code here that turns the phrase above into concrete actions
    throw new io.cucumber.java.PendingException();
}
@Then("navigate to the support page")
public void navigate_to_the_support_page() {
    // Write code here that turns the phrase above into concrete actions
    throw new io.cucumber.java.PendingException();
}

at ✽.the user is land on the Deals page(file:///C:/Training/Java/SprintBestBuy/BestBuyDealoftheDay/./src/test/resources/com/feature/Homepage.feature:38)
]]>
    </error>
  </testcase> <!-- runScenario -->
</testsuite> <!-- com.runner.TestRunnerTestNG -->
