<?xml version="1.0" encoding="UTF-8"?>
<!-- Generated by org.testng.reporters.JUnitReportReporter -->
<testsuite hostname="LIN-5CD53088JP" failures="0" tests="2" name="com.runner.TestRunnerTestNG" time="62.425" errors="0" timestamp="2025-11-12T10:50:09 IST" skipped="0">
  <testcase classname="com.runner.TestRunnerTestNG" name="runScenario" time="27.257"/>
  <testcase classname="com.runner.TestRunnerTestNG" name="runScenario" time="35.168"/>
</testsuite> <!-- com.runner.TestRunnerTestNG -->
