<?xml version="1.0" encoding="UTF-8"?>
<!-- Generated by org.testng.reporters.JUnitReportReporter -->
<testsuite hostname="LIN-5CD53088JP" failures="0" tests="2" name="com.runner.TestRunnerTestNG" time="46.826" errors="1" timestamp="2025-11-11T17:29:19 IST" skipped="0">
  <testcase classname="com.runner.TestRunnerTestNG" name="runScenario" time="20.733">
    <error message="element click intercepted: Element &lt;a aria-hidden=&quot;false&quot; class=&quot;bottom-left-links &quot; href=&quot;/site/misc/deal-of-the-day/pcmcat248000050016.c?id=pcmcat248000050016&quot; tabindex=&quot;0&quot;&gt;...&lt;/a&gt; is not clickable at point (300, 169). Other element would receive the click: &lt;div id=&quot;survey_window&quot; class=&quot;ci-modal fade modal-open in&quot; role=&quot;dialog&quot; style=&quot;margin-top: 165px; display: block;&quot;&gt;...&lt;/div&gt;
  (Session info: chrome=141.0.7390.123)
Build info: version: &#039;4.34.0&#039;, revision: &#039;707dcb4246*&#039;
System info: os.name: &#039;Windows 11&#039;, os.arch: &#039;amd64&#039;, os.version: &#039;10.0&#039;, java.version: &#039;23.0.2&#039;
Driver info: org.openqa.selenium.chrome.ChromeDriver
Command: [e7b4170b932111a3f46689ad20d3fd72, clickElement {id=f.6B5014749DC24ECFDBA9D75D86077182.d.268EE5F13521D9A43C329F7449DC0411.e.105}]
Capabilities {acceptInsecureCerts: false, browserName: chrome, browserVersion: 141.0.7390.123, chrome: {chromedriverVersion: 141.0.7390.78 (2b53b0e231fc..., userDataDir: C:\Users\sunchu\AppData\Loc...}, fedcm:accounts: true, goog:chromeOptions: {debuggerAddress: localhost:52382}, networkConnectionEnabled: false, pageLoadStrategy: normal, platformName: windows, proxy: Proxy(), se:cdp: ws://localhost:52382/devtoo..., se:cdpVersion: 141.0.7390.123, setWindowRect: true, strictFileInteractability: false, timeouts: {implicit: 0, pageLoad: 300000, script: 30000}, unhandledPromptBehavior: dismiss and notify, webauthn:extension:credBlob: true, webauthn:extension:largeBlob: true, webauthn:extension:minPinLength: true, webauthn:extension:prf: true, webauthn:virtualAuthenticators: true}
Element: [[ChromeDriver: chrome on windows (e7b4170b932111a3f46689ad20d3fd72)] -&gt; xpath: //a[text() = &#039;Deal of the Day&#039;]]
Session ID: e7b4170b932111a3f46689ad20d3fd72" type="org.openqa.selenium.ElementClickInterceptedException">
      <![CDATA[org.openqa.selenium.ElementClickInterceptedException: element click intercepted: Element <a aria-hidden="false" class="bottom-left-links " href="/site/misc/deal-of-the-day/pcmcat248000050016.c?id=pcmcat248000050016" tabindex="0">...</a> is not clickable at point (300, 169). Other element would receive the click: <div id="survey_window" class="ci-modal fade modal-open in" role="dialog" style="margin-top: 165px; display: block;">...</div>
  (Session info: chrome=141.0.7390.123)
Build info: version: '4.34.0', revision: '707dcb4246*'
System info: os.name: 'Windows 11', os.arch: 'amd64', os.version: '10.0', java.version: '23.0.2'
Driver info: org.openqa.selenium.chrome.ChromeDriver
Command: [e7b4170b932111a3f46689ad20d3fd72, clickElement {id=f.6B5014749DC24ECFDBA9D75D86077182.d.268EE5F13521D9A43C329F7449DC0411.e.105}]
Capabilities {acceptInsecureCerts: false, browserName: chrome, browserVersion: 141.0.7390.123, chrome: {chromedriverVersion: 141.0.7390.78 (2b53b0e231fc..., userDataDir: C:\Users\sunchu\AppData\Loc...}, fedcm:accounts: true, goog:chromeOptions: {debuggerAddress: localhost:52382}, networkConnectionEnabled: false, pageLoadStrategy: normal, platformName: windows, proxy: Proxy(), se:cdp: ws://localhost:52382/devtoo..., se:cdpVersion: 141.0.7390.123, setWindowRect: true, strictFileInteractability: false, timeouts: {implicit: 0, pageLoad: 300000, script: 30000}, unhandledPromptBehavior: dismiss and notify, webauthn:extension:credBlob: true, webauthn:extension:largeBlob: true, webauthn:extension:minPinLength: true, webauthn:extension:prf: true, webauthn:virtualAuthenticators: true}
Element: [[ChromeDriver: chrome on windows (e7b4170b932111a3f46689ad20d3fd72)] -> xpath: //a[text() = 'Deal of the Day']]
Session ID: e7b4170b932111a3f46689ad20d3fd72
at java.base/jdk.internal.reflect.DirectConstructorHandleAccessor.newInstance(DirectConstructorHandleAccessor.java:62)
at java.base/java.lang.reflect.Constructor.newInstanceWithCaller(Constructor.java:501)
at java.base/java.lang.reflect.Constructor.newInstance(Constructor.java:485)
at org.openqa.selenium.remote.ErrorCodec.decode(ErrorCodec.java:167)
at org.openqa.selenium.remote.codec.w3c.W3CHttpResponseCodec.decode(W3CHttpResponseCodec.java:138)
at org.openqa.selenium.remote.codec.w3c.W3CHttpResponseCodec.decode(W3CHttpResponseCodec.java:50)
at org.openqa.selenium.remote.HttpCommandExecutor.execute(HttpCommandExecutor.java:215)
at org.openqa.selenium.remote.service.DriverCommandExecutor.invokeExecute(DriverCommandExecutor.java:216)
at org.openqa.selenium.remote.service.DriverCommandExecutor.execute(DriverCommandExecutor.java:174)
at org.openqa.selenium.remote.RemoteWebDriver.execute(RemoteWebDriver.java:544)
at org.openqa.selenium.remote.RemoteWebElement.execute(RemoteWebElement.java:223)
at org.openqa.selenium.remote.RemoteWebElement.click(RemoteWebElement.java:76)
at java.base/jdk.internal.reflect.DirectMethodHandleAccessor.invoke(DirectMethodHandleAccessor.java:103)
at java.base/java.lang.reflect.Method.invoke(Method.java:580)
at org.openqa.selenium.support.pagefactory.internal.LocatingElementHandler.invoke(LocatingElementHandler.java:51)
at jdk.proxy2/jdk.proxy2.$Proxy28.click(Unknown Source)
at com.pages.UserPage2.clickDealOfTheDayModule(UserPage2.java:59)
at com.stepDefinitionTestNG.Profile.user_is_on_deal_of_the_day_page(Profile.java:44)
at âœ½.User is on Deal of the Day page(file:///C:/Training/Java/SprintBestBuy/BestBuyDealoftheDay/./src/test/resources/com/feature/Homepage.feature:10)
]]>
    </error>
  </testcase> <!-- runScenario -->
  <testcase classname="com.runner.TestRunnerTestNG" name="runScenario" time="26.093"/>
</testsuite> <!-- com.runner.TestRunnerTestNG -->
