<?xml version="1.0" encoding="UTF-8"?>
<testng-results ignored="0" total="6" passed="6" failed="0" skipped="0">
  <reporter-output>
  </reporter-output>
  <suite started-at="2025-11-13T17:19:30 IST" name="Default suite" finished-at="2025-11-13T17:23:57 IST" duration-ms="266983">
    <groups>
      <group name="cucumber">
        <method signature="AbstractTestNGCucumberTests.runScenario(io.cucumber.testng.PickleWrapper,io.cucumber.testng.FeatureWrapper)[pri:0, instance:com.runner.TestRunnerTestNG@770d3326]" name="runScenario" class="io.cucumber.testng.AbstractTestNGCucumberTests"/>
      </group> <!-- cucumber -->
    </groups>
    <test started-at="2025-11-13T17:19:30 IST" name="Default test" finished-at="2025-11-13T17:23:57 IST" duration-ms="266983">
      <class name="com.runner.TestRunnerTestNG">
        <test-method is-config="true" signature="setUpClass(org.testng.ITestContext)[pri:0, instance:com.runner.TestRunnerTestNG@770d3326]" started-at="2025-11-13T17:19:30 IST" name="setUpClass" finished-at="2025-11-13T17:19:32 IST" duration-ms="1185" status="PASS">
          <params>
            <param index="0">
              <value>
                <![CDATA[org.testng.TestRunner@5b6cc344]]>
              </value>
            </param>
          </params>
          <reporter-output>
          </reporter-output>
        </test-method> <!-- setUpClass -->
        <test-method signature="runScenario(io.cucumber.testng.PickleWrapper,io.cucumber.testng.FeatureWrapper)[pri:0, instance:com.runner.TestRunnerTestNG@770d3326]" started-at="2025-11-13T17:19:32 IST" name="runScenario" description="Runs Cucumber Scenarios" data-provider="scenarios" finished-at="2025-11-13T17:19:55 IST" duration-ms="22991" status="PASS">
          <params>
            <param index="0">
              <value>
                <![CDATA["Navigate to E-Gift Cards page via menu"]]>
              </value>
            </param>
            <param index="1">
              <value>
                <![CDATA["Navigate to BestBuy E-Gift Cards Page from Menu"]]>
              </value>
            </param>
          </params>
          <reporter-output>
          </reporter-output>
        </test-method> <!-- runScenario -->
        <test-method signature="runScenario(io.cucumber.testng.PickleWrapper,io.cucumber.testng.FeatureWrapper)[pri:0, instance:com.runner.TestRunnerTestNG@770d3326]" started-at="2025-11-13T17:19:55 IST" name="runScenario" description="Runs Cucumber Scenarios" data-provider="scenarios" finished-at="2025-11-13T17:20:35 IST" duration-ms="40794" status="PASS">
          <params>
            <param index="0">
              <value>
                <![CDATA["Validate required fields and navigate to design selection"]]>
              </value>
            </param>
            <param index="1">
              <value>
                <![CDATA["Navigate to BestBuy E-Gift Cards Page from Menu"]]>
              </value>
            </param>
          </params>
          <reporter-output>
          </reporter-output>
        </test-method> <!-- runScenario -->
        <test-method signature="runScenario(io.cucumber.testng.PickleWrapper,io.cucumber.testng.FeatureWrapper)[pri:0, instance:com.runner.TestRunnerTestNG@770d3326]" started-at="2025-11-13T17:20:35 IST" name="runScenario" description="Runs Cucumber Scenarios" data-provider="scenarios" finished-at="2025-11-13T17:21:48 IST" duration-ms="72372" status="PASS">
          <params>
            <param index="0">
              <value>
                <![CDATA["Verify navigation and name entry workflow using Excel data"]]>
              </value>
            </param>
            <param index="1">
              <value>
                <![CDATA["Navigate to BestBuy E-Gift Cards Page from Menu"]]>
              </value>
            </param>
          </params>
          <reporter-output>
          </reporter-output>
        </test-method> <!-- runScenario -->
        <test-method signature="runScenario(io.cucumber.testng.PickleWrapper,io.cucumber.testng.FeatureWrapper)[pri:0, instance:com.runner.TestRunnerTestNG@770d3326]" started-at="2025-11-13T17:21:48 IST" name="runScenario" description="Runs Cucumber Scenarios" data-provider="scenarios" finished-at="2025-11-13T17:22:23 IST" duration-ms="34770" status="PASS">
          <params>
            <param index="0">
              <value>
                <![CDATA["Verify navigation and name entry workflow using Excel data"]]>
              </value>
            </param>
            <param index="1">
              <value>
                <![CDATA["Navigate to BestBuy E-Gift Cards Page from Menu"]]>
              </value>
            </param>
          </params>
          <reporter-output>
          </reporter-output>
        </test-method> <!-- runScenario -->
        <test-method signature="runScenario(io.cucumber.testng.PickleWrapper,io.cucumber.testng.FeatureWrapper)[pri:0, instance:com.runner.TestRunnerTestNG@770d3326]" started-at="2025-11-13T17:22:23 IST" name="runScenario" description="Runs Cucumber Scenarios" data-provider="scenarios" finished-at="2025-11-13T17:23:23 IST" duration-ms="60456" status="PASS">
          <params>
            <param index="0">
              <value>
                <![CDATA["Verify navigation and name entry workflow using Excel data"]]>
              </value>
            </param>
            <param index="1">
              <value>
                <![CDATA["Navigate to BestBuy E-Gift Cards Page from Menu"]]>
              </value>
            </param>
          </params>
          <reporter-output>
          </reporter-output>
        </test-method> <!-- runScenario -->
        <test-method signature="runScenario(io.cucumber.testng.PickleWrapper,io.cucumber.testng.FeatureWrapper)[pri:0, instance:com.runner.TestRunnerTestNG@770d3326]" started-at="2025-11-13T17:23:23 IST" name="runScenario" description="Runs Cucumber Scenarios" data-provider="scenarios" finished-at="2025-11-13T17:23:57 IST" duration-ms="33719" status="PASS">
          <params>
            <param index="0">
              <value>
                <![CDATA["Verify design selection, amount selection, and validate navigation"]]>
              </value>
            </param>
            <param index="1">
              <value>
                <![CDATA["Navigate to BestBuy E-Gift Cards Page from Menu"]]>
              </value>
            </param>
          </params>
          <reporter-output>
          </reporter-output>
        </test-method> <!-- runScenario -->
        <test-method is-config="true" signature="tearDownClass()[pri:0, instance:com.runner.TestRunnerTestNG@770d3326]" started-at="2025-11-13T17:23:57 IST" name="tearDownClass" finished-at="2025-11-13T17:23:57 IST" duration-ms="623" status="PASS">
          <reporter-output>
          </reporter-output>
        </test-method> <!-- tearDownClass -->
      </class> <!-- com.runner.TestRunnerTestNG -->
    </test> <!-- Default test -->
  </suite> <!-- Default suite -->
</testng-results>
