<?xml version="1.0" encoding="UTF-8"?>
<testng-results ignored="0" total="2" passed="2" failed="0" skipped="0">
  <reporter-output>
  </reporter-output>
  <suite started-at="2025-11-11T17:37:02 IST" name="Default suite" finished-at="2025-11-11T17:38:18 IST" duration-ms="75846">
    <groups>
      <group name="cucumber">
        <method signature="AbstractTestNGCucumberTests.runScenario(io.cucumber.testng.PickleWrapper,io.cucumber.testng.FeatureWrapper)[pri:0, instance:com.runner.TestRunnerTestNG@62e7f11d]" name="runScenario" class="io.cucumber.testng.AbstractTestNGCucumberTests"/>
      </group> <!-- cucumber -->
    </groups>
    <test started-at="2025-11-11T17:37:02 IST" name="Default test" finished-at="2025-11-11T17:38:18 IST" duration-ms="75846">
      <class name="com.runner.TestRunnerTestNG">
        <test-method is-config="true" signature="setUpClass(org.testng.ITestContext)[pri:0, instance:com.runner.TestRunnerTestNG@62e7f11d]" started-at="2025-11-11T17:37:03 IST" name="setUpClass" finished-at="2025-11-11T17:37:04 IST" duration-ms="1139" status="PASS">
          <params>
            <param index="0">
              <value>
                <![CDATA[org.testng.TestRunner@4ef2ab73]]>
              </value>
            </param>
          </params>
          <reporter-output>
          </reporter-output>
        </test-method> <!-- setUpClass -->
        <test-method signature="runScenario(io.cucumber.testng.PickleWrapper,io.cucumber.testng.FeatureWrapper)[pri:0, instance:com.runner.TestRunnerTestNG@62e7f11d]" started-at="2025-11-11T17:37:04 IST" name="runScenario" description="Runs Cucumber Scenarios" data-provider="scenarios" finished-at="2025-11-11T17:37:31 IST" duration-ms="27063" status="PASS">
          <params>
            <param index="0">
              <value>
                <![CDATA["User clicks on Gift Ideas from the Home Page"]]>
              </value>
            </param>
            <param index="1">
              <value>
                <![CDATA["Navigate to Gift Ideas Page"]]>
              </value>
            </param>
          </params>
          <reporter-output>
          </reporter-output>
        </test-method> <!-- runScenario -->
        <test-method signature="runScenario(io.cucumber.testng.PickleWrapper,io.cucumber.testng.FeatureWrapper)[pri:0, instance:com.runner.TestRunnerTestNG@62e7f11d]" started-at="2025-11-11T17:37:31 IST" name="runScenario" description="Runs Cucumber Scenarios" data-provider="scenarios" finished-at="2025-11-11T17:38:18 IST" duration-ms="47001" status="PASS">
          <params>
            <param index="0">
              <value>
                <![CDATA["User clicks on Pets category from Gift Ideas page"]]>
              </value>
            </param>
            <param index="1">
              <value>
                <![CDATA["Navigate to Gift Ideas Page"]]>
              </value>
            </param>
          </params>
          <reporter-output>
          </reporter-output>
        </test-method> <!-- runScenario -->
        <test-method is-config="true" signature="tearDownClass()[pri:0, instance:com.runner.TestRunnerTestNG@62e7f11d]" started-at="2025-11-11T17:38:18 IST" name="tearDownClass" finished-at="2025-11-11T17:38:18 IST" duration-ms="578" status="PASS">
          <reporter-output>
          </reporter-output>
        </test-method> <!-- tearDownClass -->
      </class> <!-- com.runner.TestRunnerTestNG -->
    </test> <!-- Default test -->
  </suite> <!-- Default suite -->
</testng-results>
