<?xml version="1.0" encoding="UTF-8"?>
<testng-results ignored="0" total="2" passed="1" failed="1" skipped="0">
  <reporter-output>
  </reporter-output>
  <suite started-at="2025-11-12T21:08:14 IST" name="Default suite" finished-at="2025-11-12T21:16:48 IST" duration-ms="513378">
    <groups>
      <group name="cucumber">
        <method signature="AbstractTestNGCucumberTests.runScenario(io.cucumber.testng.PickleWrapper,io.cucumber.testng.FeatureWrapper)[pri:0, instance:com.runner.TestRunnerTestNG@62e7f11d]" name="runScenario" class="io.cucumber.testng.AbstractTestNGCucumberTests"/>
      </group> <!-- cucumber -->
    </groups>
    <test started-at="2025-11-12T21:08:14 IST" name="Default test" finished-at="2025-11-12T21:16:48 IST" duration-ms="513378">
      <class name="com.runner.TestRunnerTestNG">
        <test-method is-config="true" signature="setUpClass(org.testng.ITestContext)[pri:0, instance:com.runner.TestRunnerTestNG@62e7f11d]" started-at="2025-11-12T21:08:14 IST" name="setUpClass" finished-at="2025-11-12T21:08:16 IST" duration-ms="1311" status="PASS">
          <params>
            <param index="0">
              <value>
                <![CDATA[org.testng.TestRunner@21d9cd04]]>
              </value>
            </param>
          </params>
          <reporter-output>
          </reporter-output>
        </test-method> <!-- setUpClass -->
        <test-method signature="runScenario(io.cucumber.testng.PickleWrapper,io.cucumber.testng.FeatureWrapper)[pri:0, instance:com.runner.TestRunnerTestNG@62e7f11d]" started-at="2025-11-12T21:08:16 IST" name="runScenario" description="Runs Cucumber Scenarios" data-provider="scenarios" finished-at="2025-11-12T21:12:17 IST" duration-ms="241667" status="PASS">
          <params>
            <param index="0">
              <value>
                <![CDATA["Apply filters, clear them, and view product details"]]>
              </value>
            </param>
            <param index="1">
              <value>
                <![CDATA["Navigate to Gift Ideas Page"]]>
              </value>
            </param>
          </params>
          <reporter-output>
          </reporter-output>
        </test-method> <!-- runScenario -->
        <test-method signature="runScenario(io.cucumber.testng.PickleWrapper,io.cucumber.testng.FeatureWrapper)[pri:0, instance:com.runner.TestRunnerTestNG@62e7f11d]" started-at="2025-11-12T21:12:17 IST" name="runScenario" description="Runs Cucumber Scenarios" data-provider="scenarios" finished-at="2025-11-12T21:16:47 IST" duration-ms="269734" status="FAIL">
          <params>
            <param index="0">
              <value>
                <![CDATA["Apply filters, clear them, and view product details"]]>
              </value>
            </param>
            <param index="1">
              <value>
                <![CDATA["Navigate to Gift Ideas Page"]]>
              </value>
            </param>
          </params>
          <exception class="java.lang.NullPointerException">
            <message>
              <![CDATA[Cannot invoke "org.apache.poi.ss.usermodel.Row.getLastCellNum()" because "row" is null]]>
            </message>
            <full-stacktrace>
              <![CDATA[java.lang.NullPointerException: Cannot invoke "org.apache.poi.ss.usermodel.Row.getLastCellNum()" because "row" is null
at com.parameters.ExcelReader.getRowData(ExcelReader.java:46)
at com.stepDefinitionTestNG.Profile.click_on_filters(Profile.java:123)
at ✽.click on filters 2 0(file:///C:/training%20modules/JavaSelenium/BestBuy/./src/test/resources/com/features/Homepage.feature:21)
]]>
            </full-stacktrace>
          </exception> <!-- java.lang.NullPointerException -->
          <reporter-output>
          </reporter-output>
        </test-method> <!-- runScenario -->
        <test-method is-config="true" signature="tearDownClass()[pri:0, instance:com.runner.TestRunnerTestNG@62e7f11d]" started-at="2025-11-12T21:16:47 IST" name="tearDownClass" finished-at="2025-11-12T21:16:48 IST" duration-ms="594" status="PASS">
          <reporter-output>
          </reporter-output>
        </test-method> <!-- tearDownClass -->
      </class> <!-- com.runner.TestRunnerTestNG -->
    </test> <!-- Default test -->
  </suite> <!-- Default suite -->
</testng-results>
