<?xml version="1.0" encoding="UTF-8"?>
<testng-results ignored="0" total="9" passed="9" failed="0" skipped="0">
  <reporter-output>
  </reporter-output>
  <suite started-at="2025-11-14T09:39:29 IST" name="Default suite" finished-at="2025-11-14T09:48:12 IST" duration-ms="523205">
    <groups>
      <group name="cucumber">
        <method signature="AbstractTestNGCucumberTests.runScenario(io.cucumber.testng.PickleWrapper,io.cucumber.testng.FeatureWrapper)[pri:0, instance:com.runner.TestRunnerTestNG@770d3326]" name="runScenario" class="io.cucumber.testng.AbstractTestNGCucumberTests"/>
      </group> <!-- cucumber -->
    </groups>
    <test started-at="2025-11-14T09:39:29 IST" name="Default test" finished-at="2025-11-14T09:48:12 IST" duration-ms="523205">
      <class name="com.runner.TestRunnerTestNG">
        <test-method is-config="true" signature="setUpClass(org.testng.ITestContext)[pri:0, instance:com.runner.TestRunnerTestNG@770d3326]" started-at="2025-11-14T09:39:29 IST" name="setUpClass" finished-at="2025-11-14T09:39:30 IST" duration-ms="843" status="PASS">
          <params>
            <param index="0">
              <value>
                <![CDATA[org.testng.TestRunner@472dbaf5]]>
              </value>
            </param>
          </params>
          <reporter-output>
          </reporter-output>
        </test-method> <!-- setUpClass -->
        <test-method signature="runScenario(io.cucumber.testng.PickleWrapper,io.cucumber.testng.FeatureWrapper)[pri:0, instance:com.runner.TestRunnerTestNG@770d3326]" started-at="2025-11-14T09:39:30 IST" name="runScenario" description="Runs Cucumber Scenarios" data-provider="scenarios" finished-at="2025-11-14T09:39:55 IST" duration-ms="24898" status="PASS">
          <params>
            <param index="0">
              <value>
                <![CDATA["Navigate to E-Gift Cards page via menu"]]>
              </value>
            </param>
            <param index="1">
              <value>
                <![CDATA["Navigate to BestBuy E-Gift Cards Page from Menu"]]>
              </value>
            </param>
          </params>
          <reporter-output>
          </reporter-output>
        </test-method> <!-- runScenario -->
        <test-method signature="runScenario(io.cucumber.testng.PickleWrapper,io.cucumber.testng.FeatureWrapper)[pri:0, instance:com.runner.TestRunnerTestNG@770d3326]" started-at="2025-11-14T09:39:55 IST" name="runScenario" description="Runs Cucumber Scenarios" data-provider="scenarios" finished-at="2025-11-14T09:40:39 IST" duration-ms="44419" status="PASS">
          <params>
            <param index="0">
              <value>
                <![CDATA["Validate required fields and navigate to design selection"]]>
              </value>
            </param>
            <param index="1">
              <value>
                <![CDATA["Navigate to BestBuy E-Gift Cards Page from Menu"]]>
              </value>
            </param>
          </params>
          <reporter-output>
          </reporter-output>
        </test-method> <!-- runScenario -->
        <test-method signature="runScenario(io.cucumber.testng.PickleWrapper,io.cucumber.testng.FeatureWrapper)[pri:0, instance:com.runner.TestRunnerTestNG@770d3326]" started-at="2025-11-14T09:40:39 IST" name="runScenario" description="Runs Cucumber Scenarios" data-provider="scenarios" finished-at="2025-11-14T09:41:11 IST" duration-ms="31694" status="PASS">
          <params>
            <param index="0">
              <value>
                <![CDATA["Verify design selection, amount selection, and validate navigation"]]>
              </value>
            </param>
            <param index="1">
              <value>
                <![CDATA["Navigate to BestBuy E-Gift Cards Page from Menu"]]>
              </value>
            </param>
          </params>
          <reporter-output>
          </reporter-output>
        </test-method> <!-- runScenario -->
        <test-method signature="runScenario(io.cucumber.testng.PickleWrapper,io.cucumber.testng.FeatureWrapper)[pri:0, instance:com.runner.TestRunnerTestNG@770d3326]" started-at="2025-11-14T09:41:11 IST" name="runScenario" description="Runs Cucumber Scenarios" data-provider="scenarios" finished-at="2025-11-14T09:42:45 IST" duration-ms="94305" status="PASS">
          <params>
            <param index="0">
              <value>
                <![CDATA["Verify navigation and name entry workflow using Excel data"]]>
              </value>
            </param>
            <param index="1">
              <value>
                <![CDATA["Navigate to BestBuy E-Gift Cards Page from Menu"]]>
              </value>
            </param>
          </params>
          <reporter-output>
          </reporter-output>
        </test-method> <!-- runScenario -->
        <test-method signature="runScenario(io.cucumber.testng.PickleWrapper,io.cucumber.testng.FeatureWrapper)[pri:0, instance:com.runner.TestRunnerTestNG@770d3326]" started-at="2025-11-14T09:42:45 IST" name="runScenario" description="Runs Cucumber Scenarios" data-provider="scenarios" finished-at="2025-11-14T09:43:49 IST" duration-ms="63948" status="PASS">
          <params>
            <param index="0">
              <value>
                <![CDATA["Verify navigation and name entry workflow using Excel data"]]>
              </value>
            </param>
            <param index="1">
              <value>
                <![CDATA["Navigate to BestBuy E-Gift Cards Page from Menu"]]>
              </value>
            </param>
          </params>
          <reporter-output>
          </reporter-output>
        </test-method> <!-- runScenario -->
        <test-method signature="runScenario(io.cucumber.testng.PickleWrapper,io.cucumber.testng.FeatureWrapper)[pri:0, instance:com.runner.TestRunnerTestNG@770d3326]" started-at="2025-11-14T09:43:49 IST" name="runScenario" description="Runs Cucumber Scenarios" data-provider="scenarios" finished-at="2025-11-14T09:45:06 IST" duration-ms="76964" status="PASS">
          <params>
            <param index="0">
              <value>
                <![CDATA["Verify navigation and name entry workflow using Excel data"]]>
              </value>
            </param>
            <param index="1">
              <value>
                <![CDATA["Navigate to BestBuy E-Gift Cards Page from Menu"]]>
              </value>
            </param>
          </params>
          <reporter-output>
          </reporter-output>
        </test-method> <!-- runScenario -->
        <test-method signature="runScenario(io.cucumber.testng.PickleWrapper,io.cucumber.testng.FeatureWrapper)[pri:0, instance:com.runner.TestRunnerTestNG@770d3326]" started-at="2025-11-14T09:45:06 IST" name="runScenario" description="Runs Cucumber Scenarios" data-provider="scenarios" finished-at="2025-11-14T09:46:08 IST" duration-ms="61646" status="PASS">
          <params>
            <param index="0">
              <value>
                <![CDATA["Verify Add Message to Checkout Flow"]]>
              </value>
            </param>
            <param index="1">
              <value>
                <![CDATA["Navigate to BestBuy E-Gift Cards Page from Menu"]]>
              </value>
            </param>
          </params>
          <reporter-output>
          </reporter-output>
        </test-method> <!-- runScenario -->
        <test-method signature="runScenario(io.cucumber.testng.PickleWrapper,io.cucumber.testng.FeatureWrapper)[pri:0, instance:com.runner.TestRunnerTestNG@770d3326]" started-at="2025-11-14T09:46:08 IST" name="runScenario" description="Runs Cucumber Scenarios" data-provider="scenarios" finished-at="2025-11-14T09:47:18 IST" duration-ms="70179" status="PASS">
          <params>
            <param index="0">
              <value>
                <![CDATA["Verify Add Message to Checkout Flow"]]>
              </value>
            </param>
            <param index="1">
              <value>
                <![CDATA["Navigate to BestBuy E-Gift Cards Page from Menu"]]>
              </value>
            </param>
          </params>
          <reporter-output>
          </reporter-output>
        </test-method> <!-- runScenario -->
        <test-method signature="runScenario(io.cucumber.testng.PickleWrapper,io.cucumber.testng.FeatureWrapper)[pri:0, instance:com.runner.TestRunnerTestNG@770d3326]" started-at="2025-11-14T09:47:18 IST" name="runScenario" description="Runs Cucumber Scenarios" data-provider="scenarios" finished-at="2025-11-14T09:48:12 IST" duration-ms="53738" status="PASS">
          <params>
            <param index="0">
              <value>
                <![CDATA["Verify Add Message to Checkout Flow"]]>
              </value>
            </param>
            <param index="1">
              <value>
                <![CDATA["Navigate to BestBuy E-Gift Cards Page from Menu"]]>
              </value>
            </param>
          </params>
          <reporter-output>
          </reporter-output>
        </test-method> <!-- runScenario -->
        <test-method is-config="true" signature="tearDownClass()[pri:0, instance:com.runner.TestRunnerTestNG@770d3326]" started-at="2025-11-14T09:48:12 IST" name="tearDownClass" finished-at="2025-11-14T09:48:12 IST" duration-ms="522" status="PASS">
          <reporter-output>
          </reporter-output>
        </test-method> <!-- tearDownClass -->
      </class> <!-- com.runner.TestRunnerTestNG -->
    </test> <!-- Default test -->
  </suite> <!-- Default suite -->
</testng-results>
