<?xml version="1.0" encoding="UTF-8"?>
<testng-results ignored="0" total="3" passed="1" failed="2" skipped="0">
  <reporter-output>
  </reporter-output>
  <suite started-at="2025-11-15T20:15:54 IST" name="Default suite" finished-at="2025-11-15T20:26:27 IST" duration-ms="633163">
    <groups>
      <group name="cucumber">
        <method signature="AbstractTestNGCucumberTests.runScenario(io.cucumber.testng.PickleWrapper,io.cucumber.testng.FeatureWrapper)[pri:0, instance:com.runner.TestRunnerTestNG@62e7f11d]" name="runScenario" class="io.cucumber.testng.AbstractTestNGCucumberTests"/>
      </group> <!-- cucumber -->
    </groups>
    <test started-at="2025-11-15T20:15:54 IST" name="Default test" finished-at="2025-11-15T20:26:27 IST" duration-ms="633163">
      <class name="com.runner.TestRunnerTestNG">
        <test-method is-config="true" signature="setUpClass(org.testng.ITestContext)[pri:0, instance:com.runner.TestRunnerTestNG@62e7f11d]" started-at="2025-11-15T20:15:54 IST" name="setUpClass" finished-at="2025-11-15T20:15:56 IST" duration-ms="1309" status="PASS">
          <params>
            <param index="0">
              <value>
                <![CDATA[org.testng.TestRunner@65036e8d]]>
              </value>
            </param>
          </params>
          <reporter-output>
          </reporter-output>
        </test-method> <!-- setUpClass -->
        <test-method signature="runScenario(io.cucumber.testng.PickleWrapper,io.cucumber.testng.FeatureWrapper)[pri:0, instance:com.runner.TestRunnerTestNG@62e7f11d]" started-at="2025-11-15T20:15:56 IST" name="runScenario" description="Runs Cucumber Scenarios" data-provider="scenarios" finished-at="2025-11-15T20:20:06 IST" duration-ms="250039" status="PASS">
          <params>
            <param index="0">
              <value>
                <![CDATA["Enter email address and phone number of the customer to place an order"]]>
              </value>
            </param>
            <param index="1">
              <value>
                <![CDATA["Navigate to Gift Ideas Page"]]>
              </value>
            </param>
          </params>
          <reporter-output>
          </reporter-output>
        </test-method> <!-- runScenario -->
        <test-method signature="runScenario(io.cucumber.testng.PickleWrapper,io.cucumber.testng.FeatureWrapper)[pri:0, instance:com.runner.TestRunnerTestNG@62e7f11d]" started-at="2025-11-15T20:20:06 IST" name="runScenario" description="Runs Cucumber Scenarios" data-provider="scenarios" finished-at="2025-11-15T20:23:35 IST" duration-ms="209176" status="FAIL">
          <params>
            <param index="0">
              <value>
                <![CDATA["Enter email address and phone number of the customer to place an order"]]>
              </value>
            </param>
            <param index="1">
              <value>
                <![CDATA["Navigate to Gift Ideas Page"]]>
              </value>
            </param>
          </params>
          <exception class="java.lang.AssertionError">
            <message>
              <![CDATA[Home Page is not displayed expected [true] but found [false]]]>
            </message>
            <full-stacktrace>
              <![CDATA[java.lang.AssertionError: Home Page is not displayed expected [true] but found [false]
at org.testng.Assert.fail(Assert.java:111)
at org.testng.Assert.failNotEquals(Assert.java:1590)
at org.testng.Assert.assertTrue(Assert.java:57)
at com.stepDefinitionTestNG.Profile.the_user_is_on_the_best_buy_home_page(Profile.java:32)
at ✽.the user is on the BestBuy Home Page(file:///C:/training%20modules/JavaSelenium/BestBuy/./src/test/resources/com/features/Homepage.feature:47)
]]>
            </full-stacktrace>
          </exception> <!-- java.lang.AssertionError -->
          <reporter-output>
          </reporter-output>
        </test-method> <!-- runScenario -->
        <test-method signature="runScenario(io.cucumber.testng.PickleWrapper,io.cucumber.testng.FeatureWrapper)[pri:0, instance:com.runner.TestRunnerTestNG@62e7f11d]" started-at="2025-11-15T20:23:35 IST" name="runScenario" description="Runs Cucumber Scenarios" data-provider="scenarios" finished-at="2025-11-15T20:26:27 IST" duration-ms="171957" status="FAIL">
          <params>
            <param index="0">
              <value>
                <![CDATA["Enter email address and phone number of the customer to place an order"]]>
              </value>
            </param>
            <param index="1">
              <value>
                <![CDATA["Navigate to Gift Ideas Page"]]>
              </value>
            </param>
          </params>
          <exception class="java.lang.AssertionError">
            <message>
              <![CDATA[expected [true] but found [false]]]>
            </message>
            <full-stacktrace>
              <![CDATA[java.lang.AssertionError: expected [true] but found [false]
at org.testng.Assert.fail(Assert.java:111)
at org.testng.Assert.failNotEquals(Assert.java:1590)
at org.testng.Assert.assertTrue(Assert.java:57)
at org.testng.Assert.assertTrue(Assert.java:67)
at com.stepDefinitionTestNG.Profile.the_user_clicks_on_the_link(Profile.java:56)
at ✽.the user clicks on the moduleName link(file:///C:/training%20modules/JavaSelenium/BestBuy/./src/test/resources/com/features/Homepage.feature:48)
]]>
            </full-stacktrace>
          </exception> <!-- java.lang.AssertionError -->
          <reporter-output>
          </reporter-output>
        </test-method> <!-- runScenario -->
        <test-method is-config="true" signature="tearDownClass()[pri:0, instance:com.runner.TestRunnerTestNG@62e7f11d]" started-at="2025-11-15T20:26:27 IST" name="tearDownClass" finished-at="2025-11-15T20:26:27 IST" duration-ms="613" status="PASS">
          <reporter-output>
          </reporter-output>
        </test-method> <!-- tearDownClass -->
      </class> <!-- com.runner.TestRunnerTestNG -->
    </test> <!-- Default test -->
  </suite> <!-- Default suite -->
</testng-results>
