<?xml version="1.0" encoding="UTF-8"?>
<testng-results ignored="0" total="2" passed="1" failed="1" skipped="0">
  <reporter-output>
  </reporter-output>
  <suite started-at="2025-11-11T17:37:33 IST" name="Default suite" finished-at="2025-11-11T17:38:56 IST" duration-ms="82366">
    <groups>
      <group name="cucumber">
        <method signature="AbstractTestNGCucumberTests.runScenario(io.cucumber.testng.PickleWrapper,io.cucumber.testng.FeatureWrapper)[pri:0, instance:com.runner.TestRunnerTestNG@4da4253]" name="runScenario" class="io.cucumber.testng.AbstractTestNGCucumberTests"/>
      </group> <!-- cucumber -->
    </groups>
    <test started-at="2025-11-11T17:37:33 IST" name="Default test" finished-at="2025-11-11T17:38:56 IST" duration-ms="82366">
      <class name="com.runner.TestRunnerTestNG">
        <test-method is-config="true" signature="setUpClass(org.testng.ITestContext)[pri:0, instance:com.runner.TestRunnerTestNG@4da4253]" started-at="2025-11-11T17:37:33 IST" name="setUpClass" finished-at="2025-11-11T17:37:34 IST" duration-ms="1109" status="PASS">
          <params>
            <param index="0">
              <value>
                <![CDATA[org.testng.TestRunner@6a5dd083]]>
              </value>
            </param>
          </params>
          <reporter-output>
          </reporter-output>
        </test-method> <!-- setUpClass -->
        <test-method signature="runScenario(io.cucumber.testng.PickleWrapper,io.cucumber.testng.FeatureWrapper)[pri:0, instance:com.runner.TestRunnerTestNG@4da4253]" started-at="2025-11-11T17:37:35 IST" name="runScenario" description="Runs Cucumber Scenarios" data-provider="scenarios" finished-at="2025-11-11T17:37:59 IST" duration-ms="24165" status="PASS">
          <params>
            <param index="0">
              <value>
                <![CDATA["Navigate to E-Gift Cards page via menu"]]>
              </value>
            </param>
            <param index="1">
              <value>
                <![CDATA["Navigate to BestBuy E-Gift Cards Page from Menu"]]>
              </value>
            </param>
          </params>
          <reporter-output>
          </reporter-output>
        </test-method> <!-- runScenario -->
        <test-method signature="runScenario(io.cucumber.testng.PickleWrapper,io.cucumber.testng.FeatureWrapper)[pri:0, instance:com.runner.TestRunnerTestNG@4da4253]" started-at="2025-11-11T17:37:59 IST" name="runScenario" description="Runs Cucumber Scenarios" data-provider="scenarios" finished-at="2025-11-11T17:38:55 IST" duration-ms="56332" status="FAIL">
          <params>
            <param index="0">
              <value>
                <![CDATA["Validate required fields and navigate to design selection"]]>
              </value>
            </param>
            <param index="1">
              <value>
                <![CDATA["Navigate to BestBuy E-Gift Cards Page from Menu"]]>
              </value>
            </param>
          </params>
          <exception class="java.lang.AssertionError">
            <message>
              <![CDATA[E-Gift Card page should be displayed expected [true] but found [false]]]>
            </message>
            <full-stacktrace>
              <![CDATA[java.lang.AssertionError: E-Gift Card page should be displayed expected [true] but found [false]
at org.testng.Assert.fail(Assert.java:111)
at org.testng.Assert.failNotEquals(Assert.java:1590)
at org.testng.Assert.assertTrue(Assert.java:57)
at com.stepDefinitionTestNG.Profile.the_user_clicks_on_e_gift_cards_e_gift_card_page_should_be_displayed(Profile.java:77)
at ✽.the user clicks on E-Gift Cards,E-Gift Card page should be displayed(file:///C:/training/java-selenium/BestBuy/./src/test/resources/com/features/GiftCards_Homepage.feature:13)
]]>
            </full-stacktrace>
          </exception> <!-- java.lang.AssertionError -->
          <reporter-output>
          </reporter-output>
        </test-method> <!-- runScenario -->
        <test-method is-config="true" signature="tearDownClass()[pri:0, instance:com.runner.TestRunnerTestNG@4da4253]" started-at="2025-11-11T17:38:55 IST" name="tearDownClass" finished-at="2025-11-11T17:38:56 IST" duration-ms="689" status="PASS">
          <reporter-output>
          </reporter-output>
        </test-method> <!-- tearDownClass -->
      </class> <!-- com.runner.TestRunnerTestNG -->
    </test> <!-- Default test -->
  </suite> <!-- Default suite -->
</testng-results>
