<?xml version="1.0" encoding="UTF-8"?>
<!-- Generated by org.testng.reporters.JUnitXMLReporter -->
<testsuite ignored="0" hostname="LIN-5CD5308HFW" failures="1" tests="1" name="Default test" time="28.209" errors="0" timestamp="2025-11-12T19:07:16 IST">
  <testcase classname="io.cucumber.testng.AbstractTestNGCucumberTests" name="runScenario" time="26.716">
    <failure type="java.lang.Error" message="Unresolved compilation problem: 
	The method getAllData(String) in the type ExcelReader is not applicable for the arguments (int)
">
      <![CDATA[java.lang.Error: Unresolved compilation problem: 
The method getAllData(String) in the type ExcelReader is not applicable for the arguments (int)

at com.stepdefinition.Profile.user_applies_filters_whatever_he_want(Profile.java:90)
at ✽.User applies filters whatever he want(file:///C:/Users/alluri/eclipse-workspace/BestBuy/./src/test/resources/com/Features/TV&HomeTheatre.feature:19)
]]>
    </failure>
  </testcase> <!-- runScenario -->
</testsuite> <!-- Default test -->
