<html>
<head>
<title>TestNG:  Default test</title>
<link href="../testng.css" rel="stylesheet" type="text/css" />
<link href="../my-testng.css" rel="stylesheet" type="text/css" />

<style type="text/css">
.log { display: none;} 
.stack-trace { display: none;} 
</style>
<script type="text/javascript">
<!--
function flip(e) {
  current = e.style.display;
  if (current == 'block') {
    e.style.display = 'none';
    return 0;
  }
  else {
    e.style.display = 'block';
    return 1;
  }
}

function toggleBox(szDivId, elem, msg1, msg2)
{
  var res = -1;  if (document.getElementById) {
    res = flip(document.getElementById(szDivId));
  }
  else if (document.all) {
    // this is the way old msie versions work
    res = flip(document.all[szDivId]);
  }
  if(elem) {
    if(res == 0) elem.innerHTML = msg1; else elem.innerHTML = msg2;
  }

}

function toggleAllBoxes() {
  if (document.getElementsByTagName) {
    d = document.getElementsByTagName('div');
    for (i = 0; i < d.length; i++) {
      if (d[i].className == 'log') {
        flip(d[i]);
      }
    }
  }
}

// -->
</script>

</head>
<body>
<h2 align='center'>Default test</h2><table border='1' align="center">
<tr>
<td>Tests passed/Failed/Skipped:</td><td>4/1/0</td>
</tr><tr>
<td>Started on:</td><td>Fri Nov 14 15:25:56 IST 2025</td>
</tr>
<tr><td>Total time:</td><td>251 seconds (251877 ms)</td>
</tr><tr>
<td>Included groups:</td><td></td>
</tr><tr>
<td>Excluded groups:</td><td></td>
</tr>
</table><p/>
<small><i>(Hover the method name to see the test class name)</i></small><p/>
<table width='100%' border='1' class='invocation-failed'>
<tr><td colspan='4' align='center'><b>FAILED TESTS</b></td></tr>
<tr><td><b>Test method</b></td>
<td><b>Attribute(s)</b></td>
<td width="30%"><b>Exception</b></td>
<td width="10%"><b>Time (seconds)</b></td>
<td><b>Instance</b></td>
</tr>
<tr>
<td title='com.Runner.TestRunnerTestNG.runScenario()'><b>runScenario</b><br>Test class: com.Runner.TestRunnerTestNG<br>Test method: Runs Cucumber Scenarios<br>Parameters: "test compare functionality with valid data", "Best Buy Top Deals Page"</td>
<td><div><pre>org.openqa.selenium.ElementClickInterceptedException: element click intercepted: Element &lt;i tabindex=&quot;-1&quot; id=&quot;remove-6614109&quot;&gt;...&lt;/i&gt; is not clickable at point (604, 8). Other element would receive the click: &lt;div class=&quot;top-nav top-nav-with-gift-ideas-button&quot;&gt;...&lt;/div&gt;
  (Session info: chrome=142.0.7444.135)
Build info: version: &apos;4.38.0&apos;, revision: &apos;6b412e825c*&apos;
System info: os.name: &apos;Windows 11&apos;, os.arch: &apos;amd64&apos;, os.version: &apos;10.0&apos;, java.version: &apos;23.0.2&apos;
Driver info: org.openqa.selenium.chrome.ChromeDriver
Command: [a9de1fb7999c447bcd3a30262ab03703, clickElement {id=f.82F7239F04D693B5512E1F26FE48A3D4.d.33C78C61C95403F35BA5E459EBB3119D.e.767}]
Capabilities {acceptInsecureCerts: false, browserName: chrome, browserVersion: 142.0.7444.135, chrome: {chromedriverVersion: 141.0.7390.78 (2b53b0e231fc..., userDataDir: C:\Users\karriv\AppData\Loc...}, fedcm:accounts: true, goog:chromeOptions: {debuggerAddress: localhost:50950}, networkConnectionEnabled: false, pageLoadStrategy: normal, platformName: windows, proxy: Proxy(), se:cdp: ws://localhost:50950/devtoo..., se:cdpVersion: 142.0.7444.135, setWindowRect: true, strictFileInteractability: false, timeouts: {implicit: 0, pageLoad: 300000, script: 30000}, unhandledPromptBehavior: dismiss and notify, webauthn:extension:credBlob: true, webauthn:extension:largeBlob: true, webauthn:extension:minPinLength: true, webauthn:extension:prf: true, webauthn:virtualAuthenticators: true}
Element: [[ChromeDriver: chrome on windows (a9de1fb7999c447bcd3a30262ab03703)] -&gt; xpath: //i[@id=&apos;remove-6614109&apos;]]
Session ID: a9de1fb7999c447bcd3a30262ab03703
	at java.base/jdk.internal.reflect.DirectConstructorHandleAccessor.newInstance(DirectConstructorHandleAccessor.java:62)
	at java.base/java.lang.reflect.Constructor.newInstanceWithCaller(Constructor.java:501)
	at java.base/java.lang.reflect.Constructor.newInstance(Constructor.java:485)
	at org.openqa.selenium.remote.ErrorCodec.decode(ErrorCodec.java:167)
	at org.openqa.selenium.remote.codec.w3c.W3CHttpResponseCodec.decode(W3CHttpResponseCodec.java:138)
	at org.openqa.selenium.remote.codec.w3c.W3CHttpResponseCodec.decode(W3CHttpResponseCodec.java:50)
	at org.openqa.selenium.remote.HttpCommandExecutor.execute(HttpCommandExecutor.java:215)
	at org.openqa.selenium.remote.service.DriverCommandExecutor.invokeExecute(DriverCommandExecutor.java:216)
	at org.openqa.selenium.remote.service.DriverCommandExecutor.execute(DriverCommandExecutor.java:174)
	at org.openqa.selenium.remote.RemoteWebDriver.execute(RemoteWebDriver.java:557)
	at org.openqa.selenium.remote.RemoteWebElement.execute(RemoteWebElement.java:223)
	at org.openqa.selenium.remote.RemoteWebElement.click(RemoteWebElement.java:76)
	at java.base/jdk.internal.reflect.DirectMethodHandleAccessor.invoke(DirectMethodHandleAccessor.java:103)
	at java.base/java.lang.reflect.Method.invoke(Method.java:580)
	at org.openqa.selenium.support.pagefactory.internal.LocatingElementHandler.invoke(LocatingElementHandler.java:51)
	at jdk.proxy2/jdk.proxy2.$Proxy29.click(Unknown Source)
	at com.Pages.UserPage.scrollUpAndRemoveLaptop(UserPage.java:409)
	at com.StepDefinitionTestNG.Profile.scroll_up_and_click_remove_on_first_laptop(Profile.java:131)
	at ✽.Scroll up and click Remove on First Laptop(file:///C:/Training/Java/BestBuy-TopDeals/BestBuy_TopDeals/./src/test/resources/com/Features/TopDeals.feature:51)
</pre></div><a href='#' onClick='toggleBox("stack-trace490218", this, "Click to show all stack frames", "Click to hide stack frames")'>Click to show all stack frames</a>
<div class='stack-trace' id='stack-trace490218'><pre>org.openqa.selenium.ElementClickInterceptedException: element click intercepted: Element &lt;i tabindex=&quot;-1&quot; id=&quot;remove-6614109&quot;&gt;...&lt;/i&gt; is not clickable at point (604, 8). Other element would receive the click: &lt;div class=&quot;top-nav top-nav-with-gift-ideas-button&quot;&gt;...&lt;/div&gt;
  (Session info: chrome=142.0.7444.135)
Build info: version: &apos;4.38.0&apos;, revision: &apos;6b412e825c*&apos;
System info: os.name: &apos;Windows 11&apos;, os.arch: &apos;amd64&apos;, os.version: &apos;10.0&apos;, java.version: &apos;23.0.2&apos;
Driver info: org.openqa.selenium.chrome.ChromeDriver
Command: [a9de1fb7999c447bcd3a30262ab03703, clickElement {id=f.82F7239F04D693B5512E1F26FE48A3D4.d.33C78C61C95403F35BA5E459EBB3119D.e.767}]
Capabilities {acceptInsecureCerts: false, browserName: chrome, browserVersion: 142.0.7444.135, chrome: {chromedriverVersion: 141.0.7390.78 (2b53b0e231fc..., userDataDir: C:\Users\karriv\AppData\Loc...}, fedcm:accounts: true, goog:chromeOptions: {debuggerAddress: localhost:50950}, networkConnectionEnabled: false, pageLoadStrategy: normal, platformName: windows, proxy: Proxy(), se:cdp: ws://localhost:50950/devtoo..., se:cdpVersion: 142.0.7444.135, setWindowRect: true, strictFileInteractability: false, timeouts: {implicit: 0, pageLoad: 300000, script: 30000}, unhandledPromptBehavior: dismiss and notify, webauthn:extension:credBlob: true, webauthn:extension:largeBlob: true, webauthn:extension:minPinLength: true, webauthn:extension:prf: true, webauthn:virtualAuthenticators: true}
Element: [[ChromeDriver: chrome on windows (a9de1fb7999c447bcd3a30262ab03703)] -&gt; xpath: //i[@id=&apos;remove-6614109&apos;]]
Session ID: a9de1fb7999c447bcd3a30262ab03703
	at java.base/jdk.internal.reflect.DirectConstructorHandleAccessor.newInstance(DirectConstructorHandleAccessor.java:62)
	at java.base/java.lang.reflect.Constructor.newInstanceWithCaller(Constructor.java:501)
	at java.base/java.lang.reflect.Constructor.newInstance(Constructor.java:485)
	at org.openqa.selenium.remote.ErrorCodec.decode(ErrorCodec.java:167)
	at org.openqa.selenium.remote.codec.w3c.W3CHttpResponseCodec.decode(W3CHttpResponseCodec.java:138)
	at org.openqa.selenium.remote.codec.w3c.W3CHttpResponseCodec.decode(W3CHttpResponseCodec.java:50)
	at org.openqa.selenium.remote.HttpCommandExecutor.execute(HttpCommandExecutor.java:215)
	at org.openqa.selenium.remote.service.DriverCommandExecutor.invokeExecute(DriverCommandExecutor.java:216)
	at org.openqa.selenium.remote.service.DriverCommandExecutor.execute(DriverCommandExecutor.java:174)
	at org.openqa.selenium.remote.RemoteWebDriver.execute(RemoteWebDriver.java:557)
	at org.openqa.selenium.remote.RemoteWebElement.execute(RemoteWebElement.java:223)
	at org.openqa.selenium.remote.RemoteWebElement.click(RemoteWebElement.java:76)
	at java.base/jdk.internal.reflect.DirectMethodHandleAccessor.invoke(DirectMethodHandleAccessor.java:103)
	at java.base/java.lang.reflect.Method.invoke(Method.java:580)
	at org.openqa.selenium.support.pagefactory.internal.LocatingElementHandler.invoke(LocatingElementHandler.java:51)
	at jdk.proxy2/jdk.proxy2.$Proxy29.click(Unknown Source)
	at com.Pages.UserPage.scrollUpAndRemoveLaptop(UserPage.java:409)
	at com.StepDefinitionTestNG.Profile.scroll_up_and_click_remove_on_first_laptop(Profile.java:131)
	at ✽.Scroll up and click Remove on First Laptop(file:///C:/Training/Java/BestBuy-TopDeals/BestBuy_TopDeals/./src/test/resources/com/Features/TopDeals.feature:51)
</pre></div></td>
<td>58</td>
<td>com.Runner.TestRunnerTestNG@4da4253</td></tr>
</table><p>
<table width='100%' border='1' class='invocation-passed'>
<tr><td colspan='4' align='center'><b>PASSED TESTS</b></td></tr>
<tr><td><b>Test method</b></td>
<td><b>Attribute(s)</b></td>
<td width="30%"><b>Exception</b></td>
<td width="10%"><b>Time (seconds)</b></td>
<td><b>Instance</b></td>
</tr>
<tr>
<td title='com.Runner.TestRunnerTestNG.runScenario()'><b>runScenario</b><br>Test class: com.Runner.TestRunnerTestNG<br>Test method: Runs Cucumber Scenarios<br>Parameters: "test Saved Items Functionality", "Best Buy Top Deals Page"</td>
<td></td>
<td>54</td>
<td>com.Runner.TestRunnerTestNG@4da4253</td></tr>
<tr>
<td title='com.Runner.TestRunnerTestNG.runScenario()'><b>runScenario</b><br>Test class: com.Runner.TestRunnerTestNG<br>Test method: Runs Cucumber Scenarios<br>Parameters: "test Add to Cart Functionality with valid data", "Best Buy Top Deals Page"</td>
<td></td>
<td>51</td>
<td>com.Runner.TestRunnerTestNG@4da4253</td></tr>
<tr>
<td title='com.Runner.TestRunnerTestNG.runScenario()'><b>runScenario</b><br>Test class: com.Runner.TestRunnerTestNG<br>Test method: Runs Cucumber Scenarios<br>Parameters: "test Top Deals Functionality", "Best Buy Top Deals Page"</td>
<td></td>
<td>50</td>
<td>com.Runner.TestRunnerTestNG@4da4253</td></tr>
<tr>
<td title='com.Runner.TestRunnerTestNG.runScenario()'><b>runScenario</b><br>Test class: com.Runner.TestRunnerTestNG<br>Test method: Runs Cucumber Scenarios<br>Parameters: "Test Holiday Deals Functionality", "Best Buy Top Deals Page"</td>
<td></td>
<td>34</td>
<td>com.Runner.TestRunnerTestNG@4da4253</td></tr>
</table><p>
</body>
</html>