<?xml version="1.0" encoding="UTF-8"?>
<!-- Generated by org.testng.reporters.JUnitReportReporter -->
<testsuite hostname="LIN-5CD53088KN" failures="0" tests="2" name="com.runner.TestRunnerTestNG" time="511.401" errors="1" timestamp="2025-11-12T21:16:48 IST" skipped="0">
  <testcase classname="com.runner.TestRunnerTestNG" name="runScenario" time="269.734">
    <error message="Cannot invoke &quot;org.apache.poi.ss.usermodel.Row.getLastCellNum()&quot; because &quot;row&quot; is null" type="java.lang.NullPointerException">
      <![CDATA[java.lang.NullPointerException: Cannot invoke "org.apache.poi.ss.usermodel.Row.getLastCellNum()" because "row" is null
at com.parameters.ExcelReader.getRowData(ExcelReader.java:46)
at com.stepDefinitionTestNG.Profile.click_on_filters(Profile.java:123)
at ✽.click on filters 2 0(file:///C:/training%20modules/JavaSelenium/BestBuy/./src/test/resources/com/features/Homepage.feature:21)
]]>
    </error>
  </testcase> <!-- runScenario -->
  <testcase classname="com.runner.TestRunnerTestNG" name="runScenario" time="241.667"/>
</testsuite> <!-- com.runner.TestRunnerTestNG -->
