<?xml version="1.0" encoding="UTF-8"?>
<!-- Generated by org.testng.reporters.JUnitReportReporter -->
<testsuite hostname="LIN-5CD53088GQ" failures="0" tests="9" name="com.runner.TestRunnerTestNG" time="521.791" errors="0" timestamp="2025-11-14T09:48:12 IST" skipped="0">
  <testcase classname="com.runner.TestRunnerTestNG" name="runScenario" time="76.964"/>
  <testcase classname="com.runner.TestRunnerTestNG" name="runScenario" time="44.419"/>
  <testcase classname="com.runner.TestRunnerTestNG" name="runScenario" time="31.694"/>
  <testcase classname="com.runner.TestRunnerTestNG" name="runScenario" time="94.305"/>
  <testcase classname="com.runner.TestRunnerTestNG" name="runScenario" time="63.948"/>
  <testcase classname="com.runner.TestRunnerTestNG" name="runScenario" time="24.898"/>
  <testcase classname="com.runner.TestRunnerTestNG" name="runScenario" time="70.179"/>
  <testcase classname="com.runner.TestRunnerTestNG" name="runScenario" time="61.646"/>
  <testcase classname="com.runner.TestRunnerTestNG" name="runScenario" time="53.738"/>
</testsuite> <!-- com.runner.TestRunnerTestNG -->
