<?xml version="1.0" encoding="UTF-8"?>
<!-- Generated by org.testng.reporters.JUnitReportReporter -->
<testsuite hostname="LIN-5CD53088KN" failures="0" tests="2" name="com.runner.TestRunnerTestNG" time="74.064" errors="0" timestamp="2025-11-11T17:38:19 IST" skipped="0">
  <testcase classname="com.runner.TestRunnerTestNG" name="runScenario" time="47.001"/>
  <testcase classname="com.runner.TestRunnerTestNG" name="runScenario" time="27.063"/>
</testsuite> <!-- com.runner.TestRunnerTestNG -->
