<?xml version="1.0" encoding="UTF-8"?>
<!-- Generated by org.testng.reporters.JUnitReportReporter -->
<testsuite hostname="LIN-5CD53088GQ" failures="0" tests="6" name="com.runner.TestRunnerTestNG" time="265.102" errors="0" timestamp="2025-11-13T17:23:58 IST" skipped="0">
  <testcase classname="com.runner.TestRunnerTestNG" name="runScenario" time="72.372"/>
  <testcase classname="com.runner.TestRunnerTestNG" name="runScenario" time="22.991"/>
  <testcase classname="com.runner.TestRunnerTestNG" name="runScenario" time="34.770"/>
  <testcase classname="com.runner.TestRunnerTestNG" name="runScenario" time="60.456"/>
  <testcase classname="com.runner.TestRunnerTestNG" name="runScenario" time="40.794"/>
  <testcase classname="com.runner.TestRunnerTestNG" name="runScenario" time="33.719"/>
</testsuite> <!-- com.runner.TestRunnerTestNG -->
