<?xml version="1.0" encoding="UTF-8"?>
<!-- Generated by org.testng.reporters.JUnitXMLReporter -->
<testsuite ignored="0" hostname="LIN-5CD53088KN" failures="1" tests="2" name="Default test" time="513.378" errors="0" timestamp="2025-11-12T21:16:48 IST">
  <testcase classname="io.cucumber.testng.AbstractTestNGCucumberTests" name="runScenario" time="241.667"/>
  <testcase classname="io.cucumber.testng.AbstractTestNGCucumberTests" name="runScenario" time="269.734">
    <failure type="java.lang.NullPointerException" message="Cannot invoke &amp;quot;org.apache.poi.ss.usermodel.Row.getLastCellNum()&amp;quot; because &amp;quot;row&amp;quot; is null">
      <![CDATA[java.lang.NullPointerException: Cannot invoke "org.apache.poi.ss.usermodel.Row.getLastCellNum()" because "row" is null
at com.parameters.ExcelReader.getRowData(ExcelReader.java:46)
at com.stepDefinitionTestNG.Profile.click_on_filters(Profile.java:123)
at ✽.click on filters 2 0(file:///C:/training%20modules/JavaSelenium/BestBuy/./src/test/resources/com/features/Homepage.feature:21)
]]>
    </failure>
  </testcase> <!-- runScenario -->
</testsuite> <!-- Default test -->
