<?xml version="1.0" encoding="UTF-8"?>
<!-- Generated by org.testng.reporters.JUnitXMLReporter -->
<testsuite ignored="0" hostname="LIN-5CD53088KN" failures="2" tests="3" name="Default test" time="633.163" errors="0" timestamp="2025-11-15T20:26:27 IST">
  <testcase classname="io.cucumber.testng.AbstractTestNGCucumberTests" name="runScenario" time="250.039"/>
  <testcase classname="io.cucumber.testng.AbstractTestNGCucumberTests" name="runScenario" time="209.176">
    <failure type="java.lang.AssertionError" message="Home Page is not displayed expected [true] but found [false]">
      <![CDATA[java.lang.AssertionError: Home Page is not displayed expected [true] but found [false]
at org.testng.Assert.fail(Assert.java:111)
at org.testng.Assert.failNotEquals(Assert.java:1590)
at org.testng.Assert.assertTrue(Assert.java:57)
at com.stepDefinitionTestNG.Profile.the_user_is_on_the_best_buy_home_page(Profile.java:32)
at ✽.the user is on the BestBuy Home Page(file:///C:/training%20modules/JavaSelenium/BestBuy/./src/test/resources/com/features/Homepage.feature:47)
]]>
    </failure>
  </testcase> <!-- runScenario -->
  <testcase classname="io.cucumber.testng.AbstractTestNGCucumberTests" name="runScenario" time="171.957">
    <failure type="java.lang.AssertionError" message="expected [true] but found [false]">
      <![CDATA[java.lang.AssertionError: expected [true] but found [false]
at org.testng.Assert.fail(Assert.java:111)
at org.testng.Assert.failNotEquals(Assert.java:1590)
at org.testng.Assert.assertTrue(Assert.java:57)
at org.testng.Assert.assertTrue(Assert.java:67)
at com.stepDefinitionTestNG.Profile.the_user_clicks_on_the_link(Profile.java:56)
at ✽.the user clicks on the moduleName link(file:///C:/training%20modules/JavaSelenium/BestBuy/./src/test/resources/com/features/Homepage.feature:48)
]]>
    </failure>
  </testcase> <!-- runScenario -->
</testsuite> <!-- Default test -->
