<?xml version="1.0" encoding="UTF-8"?>
<!-- Generated by org.testng.reporters.JUnitXMLReporter -->
<testsuite ignored="0" hostname="LIN-5CD53088GQ" failures="1" tests="2" name="Default test" time="82.366" errors="0" timestamp="2025-11-11T17:38:56 IST">
  <testcase classname="io.cucumber.testng.AbstractTestNGCucumberTests" name="runScenario" time="24.165"/>
  <testcase classname="io.cucumber.testng.AbstractTestNGCucumberTests" name="runScenario" time="56.332">
    <failure type="java.lang.AssertionError" message="E-Gift Card page should be displayed expected [true] but found [false]">
      <![CDATA[java.lang.AssertionError: E-Gift Card page should be displayed expected [true] but found [false]
at org.testng.Assert.fail(Assert.java:111)
at org.testng.Assert.failNotEquals(Assert.java:1590)
at org.testng.Assert.assertTrue(Assert.java:57)
at com.stepDefinitionTestNG.Profile.the_user_clicks_on_e_gift_cards_e_gift_card_page_should_be_displayed(Profile.java:77)
at ✽.the user clicks on E-Gift Cards,E-Gift Card page should be displayed(file:///C:/training/java-selenium/BestBuy/./src/test/resources/com/features/GiftCards_Homepage.feature:13)
]]>
    </failure>
  </testcase> <!-- runScenario -->
</testsuite> <!-- Default test -->
