<?xml version="1.0" encoding="UTF-8"?>
<testng-results ignored="0" total="1" passed="0" failed="1" skipped="0">
  <reporter-output>
  </reporter-output>
  <suite started-at="2025-11-14T16:49:22 IST" name="Default suite" finished-at="2025-11-14T16:49:40 IST" duration-ms="18488">
    <groups>
      <group name="cucumber">
        <method signature="AbstractTestNGCucumberTests.runScenario(io.cucumber.testng.PickleWrapper,io.cucumber.testng.FeatureWrapper)[pri:0, instance:com.runner.TestRunnerTestNG@1649b0e6]" name="runScenario" class="io.cucumber.testng.AbstractTestNGCucumberTests"/>
      </group> <!-- cucumber -->
    </groups>
    <test started-at="2025-11-14T16:49:22 IST" name="Default test" finished-at="2025-11-14T16:49:40 IST" duration-ms="18488">
      <class name="com.runner.TestRunnerTestNG">
        <test-method is-config="true" signature="setUpClass(org.testng.ITestContext)[pri:0, instance:com.runner.TestRunnerTestNG@1649b0e6]" started-at="2025-11-14T16:49:22 IST" name="setUpClass" finished-at="2025-11-14T16:49:23 IST" duration-ms="1232" status="PASS">
          <params>
            <param index="0">
              <value>
                <![CDATA[org.testng.TestRunner@3eb292cd]]>
              </value>
            </param>
          </params>
          <reporter-output>
          </reporter-output>
        </test-method> <!-- setUpClass -->
        <test-method signature="runScenario(io.cucumber.testng.PickleWrapper,io.cucumber.testng.FeatureWrapper)[pri:0, instance:com.runner.TestRunnerTestNG@1649b0e6]" started-at="2025-11-14T16:49:23 IST" name="runScenario" description="Runs Cucumber Scenarios" data-provider="scenarios" finished-at="2025-11-14T16:49:40 IST" duration-ms="16617" status="FAIL">
          <params>
            <param index="0">
              <value>
                <![CDATA["Navigate to the Order and Purchases Page"]]>
              </value>
            </param>
            <param index="1">
              <value>
                <![CDATA["Navigation to Deal of the Day"]]>
              </value>
            </param>
          </params>
          <exception class="io.cucumber.testng.UndefinedStepException">
            <message>
              <![CDATA[The step 'the user is land on the Deals page' and 3 other step(s) are undefined.
You can implement these steps using the snippet(s) below:

@Given("the user is land on the Deals page")
public void the_user_is_land_on_the_deals_page() {
    // Write code here that turns the phrase above into concrete actions
    throw new io.cucumber.java.PendingException();
}
@When("user scrolls down to the deal page")
public void user_scrolls_down_to_the_deal_page() {
    // Write code here that turns the phrase above into concrete actions
    throw new io.cucumber.java.PendingException();
}
@When("user clicks on the order&purchases from sheet <sheet> and row <row>")
public void user_clicks_on_the_order_purchases_from_sheet_sheet_and_row_row() {
    // Write code here that turns the phrase above into concrete actions
    throw new io.cucumber.java.PendingException();
}
@Then("navigate to the support page")
public void navigate_to_the_support_page() {
    // Write code here that turns the phrase above into concrete actions
    throw new io.cucumber.java.PendingException();
}
]]>
            </message>
            <full-stacktrace>
              <![CDATA[io.cucumber.testng.UndefinedStepException: The step 'the user is land on the Deals page' and 3 other step(s) are undefined.
You can implement these steps using the snippet(s) below:

@Given("the user is land on the Deals page")
public void the_user_is_land_on_the_deals_page() {
    // Write code here that turns the phrase above into concrete actions
    throw new io.cucumber.java.PendingException();
}
@When("user scrolls down to the deal page")
public void user_scrolls_down_to_the_deal_page() {
    // Write code here that turns the phrase above into concrete actions
    throw new io.cucumber.java.PendingException();
}
@When("user clicks on the order&purchases from sheet <sheet> and row <row>")
public void user_clicks_on_the_order_purchases_from_sheet_sheet_and_row_row() {
    // Write code here that turns the phrase above into concrete actions
    throw new io.cucumber.java.PendingException();
}
@Then("navigate to the support page")
public void navigate_to_the_support_page() {
    // Write code here that turns the phrase above into concrete actions
    throw new io.cucumber.java.PendingException();
}

at ✽.the user is land on the Deals page(file:///C:/Training/Java/SprintBestBuy/BestBuyDealoftheDay/./src/test/resources/com/feature/Homepage.feature:38)
]]>
            </full-stacktrace>
          </exception> <!-- io.cucumber.testng.UndefinedStepException -->
          <reporter-output>
          </reporter-output>
        </test-method> <!-- runScenario -->
        <test-method is-config="true" signature="tearDownClass()[pri:0, instance:com.runner.TestRunnerTestNG@1649b0e6]" started-at="2025-11-14T16:49:40 IST" name="tearDownClass" finished-at="2025-11-14T16:49:40 IST" duration-ms="569" status="PASS">
          <reporter-output>
          </reporter-output>
        </test-method> <!-- tearDownClass -->
      </class> <!-- com.runner.TestRunnerTestNG -->
    </test> <!-- Default test -->
  </suite> <!-- Default suite -->
</testng-results>
