<?xml version="1.0" encoding="UTF-8"?>
<testsuite name="Cucumber" time="33.992" tests="1" skipped="0" failures="0" errors="0" timestamp="2025-11-13T11:19:54.345281600Z">
<testcase classname="BestBuy TV&amp;HomeTheatre Module" name="This feature deals with TV &amp; HomeTheatre Module in BestBuy Website" time="33.414">
<system-out><![CDATA[
Given Menu Bar should avaliable.............................................passed
And click on Menu Bar.......................................................passed
And Select the Shop by Department...........................................passed
When I click on Tv&Home Theatre.............................................passed
Then should display the Product page........................................passed
]]></system-out>
</testcase>
</testsuite>
