<?xml version="1.0" encoding="UTF-8"?>
<testng-results ignored="0" total="2" passed="2" failed="0" skipped="0">
  <reporter-output>
  </reporter-output>
  <suite started-at="2025-11-13T17:05:54 IST" name="Default suite" finished-at="2025-11-13T17:08:47 IST" duration-ms="173535">
    <groups>
      <group name="cucumber">
        <method signature="AbstractTestNGCucumberTests.runScenario(io.cucumber.testng.PickleWrapper,io.cucumber.testng.FeatureWrapper)[pri:0, instance:com.runner.TestRunnerTestNG@4da4253]" name="runScenario" class="io.cucumber.testng.AbstractTestNGCucumberTests"/>
      </group> <!-- cucumber -->
    </groups>
    <test started-at="2025-11-13T17:05:54 IST" name="Default test" finished-at="2025-11-13T17:08:47 IST" duration-ms="173535">
      <class name="com.runner.TestRunnerTestNG">
        <test-method is-config="true" signature="setUpClass(org.testng.ITestContext)[pri:0, instance:com.runner.TestRunnerTestNG@4da4253]" started-at="2025-11-13T17:05:54 IST" name="setUpClass" finished-at="2025-11-13T17:05:55 IST" duration-ms="1381" status="PASS">
          <params>
            <param index="0">
              <value>
                <![CDATA[org.testng.TestRunner@2b1d1a5]]>
              </value>
            </param>
          </params>
          <reporter-output>
          </reporter-output>
        </test-method> <!-- setUpClass -->
        <test-method signature="runScenario(io.cucumber.testng.PickleWrapper,io.cucumber.testng.FeatureWrapper)[pri:0, instance:com.runner.TestRunnerTestNG@4da4253]" started-at="2025-11-13T17:05:55 IST" name="runScenario" description="Runs Cucumber Scenarios" data-provider="scenarios" finished-at="2025-11-13T17:07:21 IST" duration-ms="85582" status="PASS">
          <params>
            <param index="0">
              <value>
                <![CDATA["Verifiying adding TV by brand and checkout as guest"]]>
              </value>
            </param>
            <param index="1">
              <value>
                <![CDATA["BestBuy TV&HomeTheatre Module"]]>
              </value>
            </param>
          </params>
          <reporter-output>
          </reporter-output>
        </test-method> <!-- runScenario -->
        <test-method signature="runScenario(io.cucumber.testng.PickleWrapper,io.cucumber.testng.FeatureWrapper)[pri:0, instance:com.runner.TestRunnerTestNG@4da4253]" started-at="2025-11-13T17:07:21 IST" name="runScenario" description="Runs Cucumber Scenarios" data-provider="scenarios" finished-at="2025-11-13T17:08:47 IST" duration-ms="86351" status="PASS">
          <params>
            <param index="0">
              <value>
                <![CDATA["Verifiying adding TV by brand and checkout as guest"]]>
              </value>
            </param>
            <param index="1">
              <value>
                <![CDATA["BestBuy TV&HomeTheatre Module"]]>
              </value>
            </param>
          </params>
          <reporter-output>
          </reporter-output>
        </test-method> <!-- runScenario -->
        <test-method is-config="true" signature="tearDownClass()[pri:0, instance:com.runner.TestRunnerTestNG@4da4253]" started-at="2025-11-13T17:08:47 IST" name="tearDownClass" finished-at="2025-11-13T17:08:47 IST" duration-ms="151" status="PASS">
          <reporter-output>
          </reporter-output>
        </test-method> <!-- tearDownClass -->
      </class> <!-- com.runner.TestRunnerTestNG -->
    </test> <!-- Default test -->
  </suite> <!-- Default suite -->
</testng-results>
