<?xml version="1.0" encoding="UTF-8"?>
<testng-results ignored="0" total="1" passed="1" failed="0" skipped="0">
  <reporter-output>
  </reporter-output>
  <suite started-at="2025-11-13T17:22:30 IST" name="Default suite" finished-at="2025-11-13T17:23:34 IST" duration-ms="64429">
    <groups>
      <group name="cucumber">
        <method signature="AbstractTestNGCucumberTests.runScenario(io.cucumber.testng.PickleWrapper,io.cucumber.testng.FeatureWrapper)[pri:0, instance:com.Runner.TestRunnerTestNG@4da4253]" name="runScenario" class="io.cucumber.testng.AbstractTestNGCucumberTests"/>
      </group> <!-- cucumber -->
    </groups>
    <test started-at="2025-11-13T17:22:30 IST" name="Default test" finished-at="2025-11-13T17:23:34 IST" duration-ms="64429">
      <class name="com.Runner.TestRunnerTestNG">
        <test-method is-config="true" signature="setUpClass(org.testng.ITestContext)[pri:0, instance:com.Runner.TestRunnerTestNG@4da4253]" started-at="2025-11-13T17:22:30 IST" name="setUpClass" finished-at="2025-11-13T17:22:31 IST" duration-ms="858" status="PASS">
          <params>
            <param index="0">
              <value>
                <![CDATA[org.testng.TestRunner@5175d9ad]]>
              </value>
            </param>
          </params>
          <reporter-output>
          </reporter-output>
        </test-method> <!-- setUpClass -->
        <test-method signature="runScenario(io.cucumber.testng.PickleWrapper,io.cucumber.testng.FeatureWrapper)[pri:0, instance:com.Runner.TestRunnerTestNG@4da4253]" started-at="2025-11-13T17:22:31 IST" name="runScenario" description="Runs Cucumber Scenarios" data-provider="scenarios" finished-at="2025-11-13T17:23:34 IST" duration-ms="63007" status="PASS">
          <params>
            <param index="0">
              <value>
                <![CDATA["test Add to Cart Functionality"]]>
              </value>
            </param>
            <param index="1">
              <value>
                <![CDATA["Best Buy Top Deals Page"]]>
              </value>
            </param>
          </params>
          <reporter-output>
          </reporter-output>
        </test-method> <!-- runScenario -->
        <test-method is-config="true" signature="tearDownClass()[pri:0, instance:com.Runner.TestRunnerTestNG@4da4253]" started-at="2025-11-13T17:23:34 IST" name="tearDownClass" finished-at="2025-11-13T17:23:34 IST" duration-ms="520" status="PASS">
          <reporter-output>
          </reporter-output>
        </test-method> <!-- tearDownClass -->
      </class> <!-- com.Runner.TestRunnerTestNG -->
    </test> <!-- Default test -->
  </suite> <!-- Default suite -->
</testng-results>
