[{"line":2,"uri":"file:src/test/resources/com/Features/TopDeals.feature","id":"best-buy-top-deals-page","keyword":"Feature","name":"Best Buy Top Deals Page","description":"This feature deals with the Top Deals functionality.","elements":[{"start_timestamp":"2025-11-11T18:13:28.296Z","line":7,"id":"best-buy-top-deals-page;test-top-deals-functionality-with-valid-data","type":"scenario","keyword":"Scenario","name":"test Top Deals Functionality with valid data","description":"","steps":[{"keyword":"Given ","line":9,"match":{"location":"com.StepDefinitionTestNG.Profile.top_deals_functionality_should_be_availble()"},"name":"Top Deals functionality should be availble","result":{"duration":10482658100,"status":"failed","error_message":"org.openqa.selenium.NoSuchWindowException: no such window: target window already closed\nfrom unknown error: web view not found\n  (Session info: chrome=142.0.7444.60)\nBuild info: version: '4.38.0', revision: '6b412e825c*'\nSystem info: os.name: 'Windows 11', os.arch: 'amd64', os.version: '10.0', java.version: '23.0.2'\nDriver info: org.openqa.selenium.chrome.ChromeDriver\nCommand: [350c481fb58f714c1548adb96521f148, findElement {value=//a[text()='Top Deals'], using=xpath}]\nCapabilities {acceptInsecureCerts: false, browserName: chrome, browserVersion: 142.0.7444.60, chrome: {chromedriverVersion: 141.0.7390.78 (2b53b0e231fc..., userDataDir: C:\\Users\\karriv\\AppData\\Loc...}, fedcm:accounts: true, goog:chromeOptions: {debuggerAddress: localhost:55166}, networkConnectionEnabled: false, pageLoadStrategy: normal, platformName: windows, proxy: Proxy(), se:cdp: ws://localhost:55166/devtoo..., se:cdpVersion: 142.0.7444.60, setWindowRect: true, strictFileInteractability: false, timeouts: {implicit: 0, pageLoad: 300000, script: 30000}, unhandledPromptBehavior: dismiss and notify, webauthn:extension:credBlob: true, webauthn:extension:largeBlob: true, webauthn:extension:minPinLength: true, webauthn:extension:prf: true, webauthn:virtualAuthenticators: true}\nSession ID: 350c481fb58f714c1548adb96521f148\r\n\tat java.base/jdk.internal.reflect.DirectConstructorHandleAccessor.newInstance(DirectConstructorHandleAccessor.java:62)\r\n\tat java.base/java.lang.reflect.Constructor.newInstanceWithCaller(Constructor.java:501)\r\n\tat java.base/java.lang.reflect.Constructor.newInstance(Constructor.java:485)\r\n\tat org.openqa.selenium.remote.ErrorCodec.decode(ErrorCodec.java:167)\r\n\tat org.openqa.selenium.remote.codec.w3c.W3CHttpResponseCodec.decode(W3CHttpResponseCodec.java:138)\r\n\tat org.openqa.selenium.remote.codec.w3c.W3CHttpResponseCodec.decode(W3CHttpResponseCodec.java:50)\r\n\tat org.openqa.selenium.remote.HttpCommandExecutor.execute(HttpCommandExecutor.java:215)\r\n\tat org.openqa.selenium.remote.service.DriverCommandExecutor.invokeExecute(DriverCommandExecutor.java:216)\r\n\tat org.openqa.selenium.remote.service.DriverCommandExecutor.execute(DriverCommandExecutor.java:174)\r\n\tat org.openqa.selenium.remote.RemoteWebDriver.execute(RemoteWebDriver.java:557)\r\n\tat org.openqa.selenium.remote.ElementLocation$ElementFinder$2.findElement(ElementLocation.java:165)\r\n\tat org.openqa.selenium.remote.ElementLocation.findElement(ElementLocation.java:59)\r\n\tat org.openqa.selenium.remote.RemoteWebDriver.findElement(RemoteWebDriver.java:380)\r\n\tat org.openqa.selenium.remote.RemoteWebDriver.findElement(RemoteWebDriver.java:374)\r\n\tat org.openqa.selenium.support.pagefactory.DefaultElementLocator.findElement(DefaultElementLocator.java:68)\r\n\tat org.openqa.selenium.support.pagefactory.internal.LocatingElementHandler.invoke(LocatingElementHandler.java:38)\r\n\tat jdk.proxy2/jdk.proxy2.$Proxy29.toString(Unknown Source)\r\n\tat java.base/java.lang.String.valueOf(String.java:4556)\r\n\tat org.openqa.selenium.support.ui.ExpectedConditions$10.toString(ExpectedConditions.java:299)\r\n\tat java.base/java.lang.String.valueOf(String.java:4556)\r\n\tat org.openqa.selenium.support.ui.FluentWait.until(FluentWait.java:225)\r\n\tat com.Pages.UserPage.verifyTopDeals(UserPage.java:60)\r\n\tat com.StepDefinitionTestNG.Profile.top_deals_functionality_should_be_availble(Profile.java:26)\r\n\tat ✽.Top Deals functionality should be availble(file:///C:/Training/Java/BestBuy-TopDeals/BestBuy_TopDeals/./src/test/resources/com/Features/TopDeals.feature:9)\r\n"}},{"keyword":"When ","line":10,"match":{"location":"com.StepDefinitionTestNG.Profile.i_click_on_top_deals_link()"},"name":"i click on Top Deals link","result":{"status":"skipped"}},{"keyword":"And ","line":11,"match":{"location":"com.StepDefinitionTestNG.Profile.should_display_top_deals_page()"},"name":"should display Top Deals page","result":{"status":"skipped"}},{"keyword":"And ","line":12,"match":{"location":"com.StepDefinitionTestNG.Profile.should_click_on_computer_tablet_deals()"},"name":"should click on Computer & Tablet Deals","result":{"status":"skipped"}},{"keyword":"And ","line":13,"match":{"location":"com.StepDefinitionTestNG.Profile.should_click_on_laptops()"},"name":"should click on Laptops","result":{"status":"skipped"}},{"keyword":"Then ","line":14,"match":{"location":"com.StepDefinitionTestNG.Profile.should_display_laptop_deals()"},"name":"should display Laptop Deals","result":{"status":"skipped"}}],"before":[{"match":{"location":"com.StepDefinitionTestNG.Hooks.beforeScenario(io.cucumber.java.Scenario)"},"result":{"duration":9220912000,"status":"passed"}}],"after":[{"match":{"location":"com.StepDefinitionTestNG.Hooks.afterScenario()"},"result":{"status":"passed"}}],"tags":[{"name":"@FirstScenario"}]},{"start_timestamp":"2025-11-11T18:13:48.048Z","line":17,"id":"best-buy-top-deals-page;test-saved-items-functionality-with-valid-data","type":"scenario","keyword":"Scenario","name":"test Saved Items Functionality with valid data","description":"","steps":[{"keyword":"Given ","line":19,"match":{"location":"com.StepDefinitionTestNG.Profile.top_deals_functionality_should_be_availble()"},"name":"Top Deals functionality should be availble","result":{"duration":1641146000,"status":"passed"}},{"keyword":"When ","line":20,"match":{"location":"com.StepDefinitionTestNG.Profile.i_click_on_top_deals_link()"},"name":"i click on Top Deals link","result":{"duration":7592740700,"status":"passed"}},{"keyword":"And ","line":21,"match":{"location":"com.StepDefinitionTestNG.Profile.should_display_top_deals_page()"},"name":"should display Top Deals page","result":{"duration":2008102500,"status":"passed"}},{"keyword":"And ","line":22,"match":{"location":"com.StepDefinitionTestNG.Profile.should_click_on_computer_tablet_deals()"},"name":"should click on Computer & Tablet Deals","result":{"duration":9802642800,"status":"passed"}},{"keyword":"And ","line":23,"match":{"location":"com.StepDefinitionTestNG.Profile.should_click_on_laptops()"},"name":"should click on Laptops","result":{"duration":6404489000,"status":"passed"}},{"keyword":"Then ","line":24,"match":{"location":"com.StepDefinitionTestNG.Profile.should_display_laptop_deals()"},"name":"should display Laptop Deals","result":{"duration":226205400,"status":"passed"}},{"keyword":"Given ","line":25,"match":{"location":"com.StepDefinitionTestNG.Profile.user_laptop_deals_page_should_scroll_to_featured_deals()"},"name":"User Laptop Deals page should scroll to Featured deals","result":{"duration":69068500,"status":"passed"}},{"keyword":"When ","line":26,"match":{"location":"com.StepDefinitionTestNG.Profile.i_click_on_save_option_for_first_laptop()"},"name":"i click on save option for first laptop","result":{"duration":33526500,"status":"failed","error_message":"org.openqa.selenium.InvalidSelectorException: invalid selector: Unable to locate an element with the xpath expression //h2[text()='Featured deals']/following::button[contains(@aria-label,'Save')])[1] because of the following error:\nSyntaxError: Failed to execute 'evaluate' on 'Document': The string '//h2[text()='Featured deals']/following::button[contains(@aria-label,'Save')])[1]' is not a valid XPath expression.\n  (Session info: chrome=142.0.7444.60)\nFor documentation on this error, please visit: https://www.selenium.dev/documentation/webdriver/troubleshooting/errors#invalidselectorexception\nBuild info: version: '4.38.0', revision: '6b412e825c*'\nSystem info: os.name: 'Windows 11', os.arch: 'amd64', os.version: '10.0', java.version: '23.0.2'\nDriver info: org.openqa.selenium.chrome.ChromeDriver\nCommand: [598d73bf97dfef61be037003f0298d8d, findElement {value=//h2[text()='Featured deals']/following::button[contains(@aria-label,'Save')])[1], using=xpath}]\nCapabilities {acceptInsecureCerts: false, browserName: chrome, browserVersion: 142.0.7444.60, chrome: {chromedriverVersion: 141.0.7390.78 (2b53b0e231fc..., userDataDir: C:\\Users\\karriv\\AppData\\Loc...}, fedcm:accounts: true, goog:chromeOptions: {debuggerAddress: localhost:56987}, networkConnectionEnabled: false, pageLoadStrategy: normal, platformName: windows, proxy: Proxy(), se:cdp: ws://localhost:56987/devtoo..., se:cdpVersion: 142.0.7444.60, setWindowRect: true, strictFileInteractability: false, timeouts: {implicit: 0, pageLoad: 300000, script: 30000}, unhandledPromptBehavior: dismiss and notify, webauthn:extension:credBlob: true, webauthn:extension:largeBlob: true, webauthn:extension:minPinLength: true, webauthn:extension:prf: true, webauthn:virtualAuthenticators: true}\nSession ID: 598d73bf97dfef61be037003f0298d8d\r\n\tat java.base/jdk.internal.reflect.DirectConstructorHandleAccessor.newInstance(DirectConstructorHandleAccessor.java:62)\r\n\tat java.base/java.lang.reflect.Constructor.newInstanceWithCaller(Constructor.java:501)\r\n\tat java.base/java.lang.reflect.Constructor.newInstance(Constructor.java:485)\r\n\tat org.openqa.selenium.remote.ErrorCodec.decode(ErrorCodec.java:167)\r\n\tat org.openqa.selenium.remote.codec.w3c.W3CHttpResponseCodec.decode(W3CHttpResponseCodec.java:138)\r\n\tat org.openqa.selenium.remote.codec.w3c.W3CHttpResponseCodec.decode(W3CHttpResponseCodec.java:50)\r\n\tat org.openqa.selenium.remote.HttpCommandExecutor.execute(HttpCommandExecutor.java:215)\r\n\tat org.openqa.selenium.remote.service.DriverCommandExecutor.invokeExecute(DriverCommandExecutor.java:216)\r\n\tat org.openqa.selenium.remote.service.DriverCommandExecutor.execute(DriverCommandExecutor.java:174)\r\n\tat org.openqa.selenium.remote.RemoteWebDriver.execute(RemoteWebDriver.java:557)\r\n\tat org.openqa.selenium.remote.ElementLocation$ElementFinder$2.findElement(ElementLocation.java:165)\r\n\tat org.openqa.selenium.remote.ElementLocation.findElement(ElementLocation.java:59)\r\n\tat org.openqa.selenium.remote.RemoteWebDriver.findElement(RemoteWebDriver.java:380)\r\n\tat org.openqa.selenium.remote.RemoteWebDriver.findElement(RemoteWebDriver.java:374)\r\n\tat org.openqa.selenium.support.pagefactory.DefaultElementLocator.findElement(DefaultElementLocator.java:68)\r\n\tat org.openqa.selenium.support.pagefactory.internal.LocatingElementHandler.invoke(LocatingElementHandler.java:38)\r\n\tat jdk.proxy2/jdk.proxy2.$Proxy29.isDisplayed(Unknown Source)\r\n\tat org.openqa.selenium.support.ui.ExpectedConditions.elementIfVisible(ExpectedConditions.java:308)\r\n\tat org.openqa.selenium.support.ui.ExpectedConditions$10.apply(ExpectedConditions.java:294)\r\n\tat org.openqa.selenium.support.ui.ExpectedConditions$10.apply(ExpectedConditions.java:291)\r\n\tat org.openqa.selenium.support.ui.FluentWait.until(FluentWait.java:203)\r\n\tat com.Pages.UserPage.saveFirstLaptop(UserPage.java:176)\r\n\tat com.StepDefinitionTestNG.Profile.i_click_on_save_option_for_first_laptop(Profile.java:69)\r\n\tat ✽.i click on save option for first laptop(file:///C:/Training/Java/BestBuy-TopDeals/BestBuy_TopDeals/./src/test/resources/com/Features/TopDeals.feature:26)\r\n"}},{"keyword":"And ","line":27,"match":{"location":"com.StepDefinitionTestNG.Profile.click_on_save_option_for_second_laptop()"},"name":"click on save option for second laptop","result":{"status":"skipped"}},{"keyword":"And ","line":28,"match":{"location":"com.StepDefinitionTestNG.Profile.scroll_up_to_click_on_saved_items()"},"name":"scroll up to click on Saved Items","result":{"duration":997000,"status":"skipped"}},{"keyword":"Then ","line":29,"match":{"location":"com.StepDefinitionTestNG.Profile.click_on_see_all_your_saved_items()"},"name":"click on See all your saved items","result":{"duration":1002800,"status":"skipped"}}],"before":[{"match":{"location":"com.StepDefinitionTestNG.Hooks.beforeScenario(io.cucumber.java.Scenario)"},"result":{"duration":10531099700,"status":"passed"}}],"after":[{"match":{"location":"com.StepDefinitionTestNG.Hooks.afterScenario()"},"result":{"status":"passed"}}],"tags":[{"name":"@SecondScenario"}]}],"tags":[]}]