<?xml version="1.0" encoding="UTF-8"?>
<!-- Generated by org.testng.reporters.JUnitReportReporter -->
<testsuite hostname="LIN-5CD5308HFW" failures="0" tests="1" name="com.runner.TestRunnerTestNG" time="26.716" errors="1" timestamp="2025-11-12T19:07:16 IST" skipped="0">
  <testcase classname="com.runner.TestRunnerTestNG" name="runScenario" time="26.716">
    <error message="Unresolved compilation problem: 
	The method getAllData(String) in the type ExcelReader is not applicable for the arguments (int)
" type="java.lang.Error">
      <![CDATA[java.lang.Error: Unresolved compilation problem: 
The method getAllData(String) in the type ExcelReader is not applicable for the arguments (int)

at com.stepdefinition.Profile.user_applies_filters_whatever_he_want(Profile.java:90)
at ✽.User applies filters whatever he want(file:///C:/Users/alluri/eclipse-workspace/BestBuy/./src/test/resources/com/Features/TV&HomeTheatre.feature:19)
]]>
    </error>
  </testcase> <!-- runScenario -->
</testsuite> <!-- com.runner.TestRunnerTestNG -->
