<?xml version="1.0" encoding="UTF-8"?>
<!-- Generated by org.testng.reporters.JUnitReportReporter -->
<testsuite hostname="LIN-5CD53086YD" failures="0" tests="5" name="com.Runner.TestRunnerTestNG" time="250.438" errors="1" timestamp="2025-11-14T15:30:08 IST" skipped="0">
  <testcase classname="com.Runner.TestRunnerTestNG" name="runScenario" time="54.511"/>
  <testcase classname="com.Runner.TestRunnerTestNG" name="runScenario" time="51.904"/>
  <testcase classname="com.Runner.TestRunnerTestNG" name="runScenario" time="50.687"/>
  <testcase classname="com.Runner.TestRunnerTestNG" name="runScenario" time="34.946"/>
  <testcase classname="com.Runner.TestRunnerTestNG" name="runScenario" time="58.390">
    <error message="element click intercepted: Element &lt;i tabindex=&quot;-1&quot; id=&quot;remove-6614109&quot;&gt;...&lt;/i&gt; is not clickable at point (604, 8). Other element would receive the click: &lt;div class=&quot;top-nav top-nav-with-gift-ideas-button&quot;&gt;...&lt;/div&gt;
  (Session info: chrome=142.0.7444.135)
Build info: version: &#039;4.38.0&#039;, revision: &#039;6b412e825c*&#039;
System info: os.name: &#039;Windows 11&#039;, os.arch: &#039;amd64&#039;, os.version: &#039;10.0&#039;, java.version: &#039;23.0.2&#039;
Driver info: org.openqa.selenium.chrome.ChromeDriver
Command: [a9de1fb7999c447bcd3a30262ab03703, clickElement {id=f.82F7239F04D693B5512E1F26FE48A3D4.d.33C78C61C95403F35BA5E459EBB3119D.e.767}]
Capabilities {acceptInsecureCerts: false, browserName: chrome, browserVersion: 142.0.7444.135, chrome: {chromedriverVersion: 141.0.7390.78 (2b53b0e231fc..., userDataDir: C:\Users\karriv\AppData\Loc...}, fedcm:accounts: true, goog:chromeOptions: {debuggerAddress: localhost:50950}, networkConnectionEnabled: false, pageLoadStrategy: normal, platformName: windows, proxy: Proxy(), se:cdp: ws://localhost:50950/devtoo..., se:cdpVersion: 142.0.7444.135, setWindowRect: true, strictFileInteractability: false, timeouts: {implicit: 0, pageLoad: 300000, script: 30000}, unhandledPromptBehavior: dismiss and notify, webauthn:extension:credBlob: true, webauthn:extension:largeBlob: true, webauthn:extension:minPinLength: true, webauthn:extension:prf: true, webauthn:virtualAuthenticators: true}
Element: [[ChromeDriver: chrome on windows (a9de1fb7999c447bcd3a30262ab03703)] -&gt; xpath: //i[@id=&#039;remove-6614109&#039;]]
Session ID: a9de1fb7999c447bcd3a30262ab03703" type="org.openqa.selenium.ElementClickInterceptedException">
      <![CDATA[org.openqa.selenium.ElementClickInterceptedException: element click intercepted: Element <i tabindex="-1" id="remove-6614109">...</i> is not clickable at point (604, 8). Other element would receive the click: <div class="top-nav top-nav-with-gift-ideas-button">...</div>
  (Session info: chrome=142.0.7444.135)
Build info: version: '4.38.0', revision: '6b412e825c*'
System info: os.name: 'Windows 11', os.arch: 'amd64', os.version: '10.0', java.version: '23.0.2'
Driver info: org.openqa.selenium.chrome.ChromeDriver
Command: [a9de1fb7999c447bcd3a30262ab03703, clickElement {id=f.82F7239F04D693B5512E1F26FE48A3D4.d.33C78C61C95403F35BA5E459EBB3119D.e.767}]
Capabilities {acceptInsecureCerts: false, browserName: chrome, browserVersion: 142.0.7444.135, chrome: {chromedriverVersion: 141.0.7390.78 (2b53b0e231fc..., userDataDir: C:\Users\karriv\AppData\Loc...}, fedcm:accounts: true, goog:chromeOptions: {debuggerAddress: localhost:50950}, networkConnectionEnabled: false, pageLoadStrategy: normal, platformName: windows, proxy: Proxy(), se:cdp: ws://localhost:50950/devtoo..., se:cdpVersion: 142.0.7444.135, setWindowRect: true, strictFileInteractability: false, timeouts: {implicit: 0, pageLoad: 300000, script: 30000}, unhandledPromptBehavior: dismiss and notify, webauthn:extension:credBlob: true, webauthn:extension:largeBlob: true, webauthn:extension:minPinLength: true, webauthn:extension:prf: true, webauthn:virtualAuthenticators: true}
Element: [[ChromeDriver: chrome on windows (a9de1fb7999c447bcd3a30262ab03703)] -> xpath: //i[@id='remove-6614109']]
Session ID: a9de1fb7999c447bcd3a30262ab03703
at java.base/jdk.internal.reflect.DirectConstructorHandleAccessor.newInstance(DirectConstructorHandleAccessor.java:62)
at java.base/java.lang.reflect.Constructor.newInstanceWithCaller(Constructor.java:501)
at java.base/java.lang.reflect.Constructor.newInstance(Constructor.java:485)
at org.openqa.selenium.remote.ErrorCodec.decode(ErrorCodec.java:167)
at org.openqa.selenium.remote.codec.w3c.W3CHttpResponseCodec.decode(W3CHttpResponseCodec.java:138)
at org.openqa.selenium.remote.codec.w3c.W3CHttpResponseCodec.decode(W3CHttpResponseCodec.java:50)
at org.openqa.selenium.remote.HttpCommandExecutor.execute(HttpCommandExecutor.java:215)
at org.openqa.selenium.remote.service.DriverCommandExecutor.invokeExecute(DriverCommandExecutor.java:216)
at org.openqa.selenium.remote.service.DriverCommandExecutor.execute(DriverCommandExecutor.java:174)
at org.openqa.selenium.remote.RemoteWebDriver.execute(RemoteWebDriver.java:557)
at org.openqa.selenium.remote.RemoteWebElement.execute(RemoteWebElement.java:223)
at org.openqa.selenium.remote.RemoteWebElement.click(RemoteWebElement.java:76)
at java.base/jdk.internal.reflect.DirectMethodHandleAccessor.invoke(DirectMethodHandleAccessor.java:103)
at java.base/java.lang.reflect.Method.invoke(Method.java:580)
at org.openqa.selenium.support.pagefactory.internal.LocatingElementHandler.invoke(LocatingElementHandler.java:51)
at jdk.proxy2/jdk.proxy2.$Proxy29.click(Unknown Source)
at com.Pages.UserPage.scrollUpAndRemoveLaptop(UserPage.java:409)
at com.StepDefinitionTestNG.Profile.scroll_up_and_click_remove_on_first_laptop(Profile.java:131)
at ✽.Scroll up and click Remove on First Laptop(file:///C:/Training/Java/BestBuy-TopDeals/BestBuy_TopDeals/./src/test/resources/com/Features/TopDeals.feature:51)
]]>
    </error>
  </testcase> <!-- runScenario -->
</testsuite> <!-- com.Runner.TestRunnerTestNG -->
